#
# There is insufficient memory for the Java Runtime Environment to continue.
# Native memory allocation (malloc) failed to allocate 530736 bytes for Chunk::new
# Possible reasons:
#   The system is out of physical RAM or swap space
#   The process is running with CompressedOops enabled, and the Java Heap may be blocking the growth of the native heap
# Possible solutions:
#   Reduce memory load on the system
#   Increase physical memory or swap space
#   Check if swap backing store is full
#   Decrease Java heap size (-Xmx/-Xms)
#   Decrease number of Java threads
#   Decrease Java thread stack sizes (-Xss)
#   Set larger code cache with -XX:ReservedCodeCacheSize=
#   JVM is running with Unscaled Compressed Oops mode in which the Java heap is
#     placed in the first 4GB address space. The Java Heap base address is the
#     maximum limit for the native heap growth. Please use -XX:HeapBaseMinAddress
#     to set the Java Heap base and to place the Java Heap above 4GB virtual address.
# This output file may be truncated or incomplete.
#
#  Out of Memory Error (arena.cpp:184), pid=1316, tid=4280
#
# JRE version: Java(TM) SE Runtime Environment (18.0.2+9) (build 18.0.2+9-61)
# Java VM: Java HotSpot(TM) 64-Bit Server VM (18.0.2+9-61, mixed mode, sharing, tiered, compressed oops, compressed class ptrs, g1 gc, windows-amd64)
# No core dump will be written. Minidumps are not enabled by default on client versions of Windows
#

---------------  S U M M A R Y ------------

Command Line: -javaagent:D:\app\intelliji gr\IntelliJ IDEA Community Edition 2023.1.1\lib\idea_rt.jar=61167:D:\app\intelliji gr\IntelliJ IDEA Community Edition 2023.1.1\bin -Dfile.encoding=UTF-8 -Dsun.stdout.encoding=UTF-8 -Dsun.stderr.encoding=UTF-8 com.example.ApiVeterinaria.ApiVeterinariaApplication

Host: Intel(R) Core(TM) i5-9300H CPU @ 2.40GHz, 8 cores, 7G,  Windows 10 , 64 bit Build 19041 (10.0.19041.2913)
Time: Wed May 17 14:02:15 2023 Hora est. Pacífico, Sudamérica elapsed time: 1.824458 seconds (0d 0h 0m 1s)

---------------  T H R E A D  ---------------

Current thread (0x0000026df953c150):  JavaThread "C2 CompilerThread1" daemon [_thread_in_native, id=4280, stack(0x000000ec27c00000,0x000000ec27d00000)]


Current CompileTask:
C2:   1824 2003   !   4       java.net.URL::<init> (543 bytes)

Stack: [0x000000ec27c00000,0x000000ec27d00000]
Native frames: (J=compiled Java code, j=interpreted, Vv=VM code, C=native code)
V  [jvm.dll+0x6993ca]
V  [jvm.dll+0x7f481d]
V  [jvm.dll+0x7f612e]
V  [jvm.dll+0x7f67e3]
V  [jvm.dll+0x25cdaf]
V  [jvm.dll+0xb8c2f]
V  [jvm.dll+0xb8fa5]
V  [jvm.dll+0x2c7cbf]
V  [jvm.dll+0x5a0d8e]
V  [jvm.dll+0x2382e3]
V  [jvm.dll+0x231a94]
V  [jvm.dll+0x22f21b]
V  [jvm.dll+0x1ba01c]
V  [jvm.dll+0x23ec9a]
V  [jvm.dll+0x23cf85]
V  [jvm.dll+0x7a6e21]
V  [jvm.dll+0x7a125a]
V  [jvm.dll+0x698275]
C  [ucrtbase.dll+0x21bb2]
C  [KERNEL32.DLL+0x17614]
C  [ntdll.dll+0x526a1]


---------------  P R O C E S S  ---------------

Threads class SMR info:
_java_thread_list=0x0000026dfab31370, length=17, elements={
0x0000026dd508cc80, 0x0000026df515c4e0, 0x0000026df515d050, 0x0000026df5171930,
0x0000026df51721e0, 0x0000026df5172a90, 0x0000026df5173480, 0x0000026df517a6c0,
0x0000026df5183100, 0x0000026df5188a20, 0x0000026df520e780, 0x0000026df953c150,
0x0000026df95841f0, 0x0000026df96e19a0, 0x0000026df967ea00, 0x0000026df9b9c7e0,
0x0000026df9bdd8f0
}

Java Threads: ( => current thread )
  0x0000026dd508cc80 JavaThread "main" [_thread_blocked, id=19488, stack(0x000000ec26b00000,0x000000ec26c00000)]
  0x0000026df515c4e0 JavaThread "Reference Handler" daemon [_thread_blocked, id=15932, stack(0x000000ec27200000,0x000000ec27300000)]
  0x0000026df515d050 JavaThread "Finalizer" daemon [_thread_blocked, id=14472, stack(0x000000ec27300000,0x000000ec27400000)]
  0x0000026df5171930 JavaThread "Signal Dispatcher" daemon [_thread_blocked, id=4848, stack(0x000000ec27400000,0x000000ec27500000)]
  0x0000026df51721e0 JavaThread "Attach Listener" daemon [_thread_blocked, id=1532, stack(0x000000ec27500000,0x000000ec27600000)]
  0x0000026df5172a90 JavaThread "Service Thread" daemon [_thread_blocked, id=3452, stack(0x000000ec27600000,0x000000ec27700000)]
  0x0000026df5173480 JavaThread "Monitor Deflation Thread" daemon [_thread_blocked, id=10184, stack(0x000000ec27700000,0x000000ec27800000)]
  0x0000026df517a6c0 JavaThread "C2 CompilerThread0" daemon [_thread_in_native, id=19044, stack(0x000000ec27800000,0x000000ec27900000)]
  0x0000026df5183100 JavaThread "C1 CompilerThread0" daemon [_thread_in_native, id=19728, stack(0x000000ec27900000,0x000000ec27a00000)]
  0x0000026df5188a20 JavaThread "Sweeper thread" daemon [_thread_blocked, id=20136, stack(0x000000ec27a00000,0x000000ec27b00000)]
  0x0000026df520e780 JavaThread "Common-Cleaner" daemon [_thread_blocked, id=2844, stack(0x000000ec27b00000,0x000000ec27c00000)]
=>0x0000026df953c150 JavaThread "C2 CompilerThread1" daemon [_thread_in_native, id=4280, stack(0x000000ec27c00000,0x000000ec27d00000)]
  0x0000026df95841f0 JavaThread "C2 CompilerThread2" daemon [_thread_in_native, id=9800, stack(0x000000ec27d00000,0x000000ec27e00000)]
  0x0000026df96e19a0 JavaThread "Monitor Ctrl-Break" daemon [_thread_in_native, id=6648, stack(0x000000ec27e00000,0x000000ec27f00000)]
  0x0000026df967ea00 JavaThread "Notification Thread" daemon [_thread_blocked, id=2556, stack(0x000000ec27f00000,0x000000ec28000000)]
  0x0000026df9b9c7e0 JavaThread "Thread-0" [_thread_blocked, id=16148, stack(0x000000ec28100000,0x000000ec28200000)]
  0x0000026df9bdd8f0 JavaThread "restartedMain" [_thread_in_native, id=19536, stack(0x000000ec28200000,0x000000ec28300000)]

Other Threads:
  0x0000026dd510e4b0 VMThread "VM Thread" [stack: 0x000000ec27100000,0x000000ec27200000] [id=18132]
  0x0000026df967f340 WatcherThread "VM Periodic Task Thread" [stack: 0x000000ec28000000,0x000000ec28100000] [id=15860]
  0x0000026dd50ed010 WorkerThread "GC Thread#0" [stack: 0x000000ec26c00000,0x000000ec26d00000] [id=19008]
  0x0000026df97fe900 WorkerThread "GC Thread#1" [stack: 0x000000ec28300000,0x000000ec28400000] [id=18696]
  0x0000026df97feba0 WorkerThread "GC Thread#2" [stack: 0x000000ec28400000,0x000000ec28500000] [id=17708]
  0x0000026df9bd8450 WorkerThread "GC Thread#3" [stack: 0x000000ec28500000,0x000000ec28600000] [id=2560]
  0x0000026df9bd86f0 WorkerThread "GC Thread#4" [stack: 0x000000ec28600000,0x000000ec28700000] [id=11384]
  0x0000026df9bd8990 WorkerThread "GC Thread#5" [stack: 0x000000ec28700000,0x000000ec28800000] [id=12820]
  0x0000026df9b980f0 WorkerThread "GC Thread#6" [stack: 0x000000ec28800000,0x000000ec28900000] [id=17256]
  0x0000026dfa689850 WorkerThread "GC Thread#7" [stack: 0x000000ec28a00000,0x000000ec28b00000] [id=13520]
  0x0000026dd50fda80 ConcurrentGCThread "G1 Main Marker" [stack: 0x000000ec26d00000,0x000000ec26e00000] [id=12780]
  0x0000026dd50fec10 WorkerThread "G1 Conc#0" [stack: 0x000000ec26e00000,0x000000ec26f00000] [id=19428]
  0x0000026dd514d600 ConcurrentGCThread "G1 Refine#0" [stack: 0x000000ec26f00000,0x000000ec27000000] [id=16736]
  0x0000026df5012090 ConcurrentGCThread "G1 Service" [stack: 0x000000ec27000000,0x000000ec27100000] [id=18460]

Threads with active compile tasks:
C2 CompilerThread0     1859 2027       4       java.util.Properties::loadConvert (540 bytes)
C1 CompilerThread0     1859 2053   !   3       java.lang.Class::getEnumConstantsShared (71 bytes)
C2 CompilerThread1     1859 2003   !   4       java.net.URL::<init> (543 bytes)
C2 CompilerThread2     1859 2025       4       java.util.Properties$LineReader::readLine (584 bytes)

VM state: not at safepoint (normal execution)

VM Mutex/Monitor currently owned by a thread: None

Heap address: 0x0000000082600000, size: 2010 MB, Compressed Oops mode: 32-bit

CDS archive(s) mapped at: [0x0000000800000000-0x0000000800ba0000-0x0000000800ba0000), size 12189696, SharedBaseAddress: 0x0000000800000000, ArchiveRelocationMode: 0.
Compressed class space mapped at: 0x0000000800c00000-0x0000000840c00000, reserved size: 1073741824
Narrow klass base: 0x0000000800000000, Narrow klass shift: 0, Narrow klass range: 0x100000000

GC Precious Log:
 CardTable entry size: 512
 Card Set container configuration: InlinePtr #cards 5 size 8 Array Of Cards #cards 12 size 40 Howl #buckets 4 coarsen threshold 1843 Howl Bitmap #cards 512 size 80 coarsen threshold 460 Card regions per heap region 1 cards per card region 2048
 CPUs: 8 total, 8 available
 Memory: 8033M
 Large Page Support: Disabled
 NUMA Support: Disabled
 Compressed Oops: Enabled (32-bit)
 Heap Region Size: 1M
 Heap Min Capacity: 8M
 Heap Initial Capacity: 126M
 Heap Max Capacity: 2010M
 Pre-touch: Disabled
 Parallel Workers: 8
 Concurrent Workers: 2
 Concurrent Refinement Workers: 8
 Periodic GC: Disabled

Heap:
 garbage-first heap   total 129024K, used 23749K [0x0000000082600000, 0x0000000100000000)
  region size 1024K, 19 young (19456K), 3 survivors (3072K)
 Metaspace       used 16143K, committed 16384K, reserved 1114112K
  class space    used 1920K, committed 2048K, reserved 1048576K

Heap Regions: E=young(eden), S=young(survivor), O=old, HS=humongous(starts), HC=humongous(continues), CS=collection set, F=free, OA=open archive, CA=closed archive, TAMS=top-at-mark-start (previous, next)
|   0|0x0000000082600000, 0x0000000082700000, 0x0000000082700000|100%|HS|  |TAMS 0x0000000082600000, 0x0000000082600000| Complete 
|   1|0x0000000082700000, 0x0000000082800000, 0x0000000082800000|100%| O|  |TAMS 0x0000000082700000, 0x0000000082700000| Untracked 
|   2|0x0000000082800000, 0x0000000082900000, 0x0000000082900000|100%| O|  |TAMS 0x0000000082800000, 0x0000000082800000| Untracked 
|   3|0x0000000082900000, 0x0000000082a00000, 0x0000000082a00000|100%| O|  |TAMS 0x0000000082900000, 0x0000000082900000| Untracked 
|   4|0x0000000082a00000, 0x0000000082b00000, 0x0000000082b00000|100%| O|  |TAMS 0x0000000082a00000, 0x0000000082a00000| Untracked 
|   5|0x0000000082b00000, 0x0000000082c00000, 0x0000000082c00000|100%| O|  |TAMS 0x0000000082b00000, 0x0000000082b00000| Untracked 
|   6|0x0000000082c00000, 0x0000000082cc8e00, 0x0000000082d00000| 78%| O|  |TAMS 0x0000000082c00000, 0x0000000082c00000| Untracked 
|   7|0x0000000082d00000, 0x0000000082d00000, 0x0000000082e00000|  0%| F|  |TAMS 0x0000000082d00000, 0x0000000082d00000| Untracked 
|   8|0x0000000082e00000, 0x0000000082e00000, 0x0000000082f00000|  0%| F|  |TAMS 0x0000000082e00000, 0x0000000082e00000| Untracked 
|   9|0x0000000082f00000, 0x0000000082f00000, 0x0000000083000000|  0%| F|  |TAMS 0x0000000082f00000, 0x0000000082f00000| Untracked 
|  10|0x0000000083000000, 0x0000000083000000, 0x0000000083100000|  0%| F|  |TAMS 0x0000000083000000, 0x0000000083000000| Untracked 
|  11|0x0000000083100000, 0x0000000083100000, 0x0000000083200000|  0%| F|  |TAMS 0x0000000083100000, 0x0000000083100000| Untracked 
|  12|0x0000000083200000, 0x0000000083200000, 0x0000000083300000|  0%| F|  |TAMS 0x0000000083200000, 0x0000000083200000| Untracked 
|  13|0x0000000083300000, 0x0000000083300000, 0x0000000083400000|  0%| F|  |TAMS 0x0000000083300000, 0x0000000083300000| Untracked 
|  14|0x0000000083400000, 0x0000000083400000, 0x0000000083500000|  0%| F|  |TAMS 0x0000000083400000, 0x0000000083400000| Untracked 
|  15|0x0000000083500000, 0x0000000083500000, 0x0000000083600000|  0%| F|  |TAMS 0x0000000083500000, 0x0000000083500000| Untracked 
|  16|0x0000000083600000, 0x0000000083600000, 0x0000000083700000|  0%| F|  |TAMS 0x0000000083600000, 0x0000000083600000| Untracked 
|  17|0x0000000083700000, 0x0000000083700000, 0x0000000083800000|  0%| F|  |TAMS 0x0000000083700000, 0x0000000083700000| Untracked 
|  18|0x0000000083800000, 0x0000000083800000, 0x0000000083900000|  0%| F|  |TAMS 0x0000000083800000, 0x0000000083800000| Untracked 
|  19|0x0000000083900000, 0x0000000083900000, 0x0000000083a00000|  0%| F|  |TAMS 0x0000000083900000, 0x0000000083900000| Untracked 
|  20|0x0000000083a00000, 0x0000000083a00000, 0x0000000083b00000|  0%| F|  |TAMS 0x0000000083a00000, 0x0000000083a00000| Untracked 
|  21|0x0000000083b00000, 0x0000000083b00000, 0x0000000083c00000|  0%| F|  |TAMS 0x0000000083b00000, 0x0000000083b00000| Untracked 
|  22|0x0000000083c00000, 0x0000000083c00000, 0x0000000083d00000|  0%| F|  |TAMS 0x0000000083c00000, 0x0000000083c00000| Untracked 
|  23|0x0000000083d00000, 0x0000000083d00000, 0x0000000083e00000|  0%| F|  |TAMS 0x0000000083d00000, 0x0000000083d00000| Untracked 
|  24|0x0000000083e00000, 0x0000000083e00000, 0x0000000083f00000|  0%| F|  |TAMS 0x0000000083e00000, 0x0000000083e00000| Untracked 
|  25|0x0000000083f00000, 0x0000000083f00000, 0x0000000084000000|  0%| F|  |TAMS 0x0000000083f00000, 0x0000000083f00000| Untracked 
|  26|0x0000000084000000, 0x0000000084000000, 0x0000000084100000|  0%| F|  |TAMS 0x0000000084000000, 0x0000000084000000| Untracked 
|  27|0x0000000084100000, 0x0000000084100000, 0x0000000084200000|  0%| F|  |TAMS 0x0000000084100000, 0x0000000084100000| Untracked 
|  28|0x0000000084200000, 0x0000000084200000, 0x0000000084300000|  0%| F|  |TAMS 0x0000000084200000, 0x0000000084200000| Untracked 
|  29|0x0000000084300000, 0x0000000084300000, 0x0000000084400000|  0%| F|  |TAMS 0x0000000084300000, 0x0000000084300000| Untracked 
|  30|0x0000000084400000, 0x0000000084400000, 0x0000000084500000|  0%| F|  |TAMS 0x0000000084400000, 0x0000000084400000| Untracked 
|  31|0x0000000084500000, 0x0000000084500000, 0x0000000084600000|  0%| F|  |TAMS 0x0000000084500000, 0x0000000084500000| Untracked 
|  32|0x0000000084600000, 0x0000000084600000, 0x0000000084700000|  0%| F|  |TAMS 0x0000000084600000, 0x0000000084600000| Untracked 
|  33|0x0000000084700000, 0x0000000084700000, 0x0000000084800000|  0%| F|  |TAMS 0x0000000084700000, 0x0000000084700000| Untracked 
|  34|0x0000000084800000, 0x0000000084800000, 0x0000000084900000|  0%| F|  |TAMS 0x0000000084800000, 0x0000000084800000| Untracked 
|  35|0x0000000084900000, 0x0000000084900000, 0x0000000084a00000|  0%| F|  |TAMS 0x0000000084900000, 0x0000000084900000| Untracked 
|  36|0x0000000084a00000, 0x0000000084a00000, 0x0000000084b00000|  0%| F|  |TAMS 0x0000000084a00000, 0x0000000084a00000| Untracked 
|  37|0x0000000084b00000, 0x0000000084b00000, 0x0000000084c00000|  0%| F|  |TAMS 0x0000000084b00000, 0x0000000084b00000| Untracked 
|  38|0x0000000084c00000, 0x0000000084c00000, 0x0000000084d00000|  0%| F|  |TAMS 0x0000000084c00000, 0x0000000084c00000| Untracked 
|  39|0x0000000084d00000, 0x0000000084d00000, 0x0000000084e00000|  0%| F|  |TAMS 0x0000000084d00000, 0x0000000084d00000| Untracked 
|  40|0x0000000084e00000, 0x0000000084e00000, 0x0000000084f00000|  0%| F|  |TAMS 0x0000000084e00000, 0x0000000084e00000| Untracked 
|  41|0x0000000084f00000, 0x0000000084f00000, 0x0000000085000000|  0%| F|  |TAMS 0x0000000084f00000, 0x0000000084f00000| Untracked 
|  42|0x0000000085000000, 0x0000000085000000, 0x0000000085100000|  0%| F|  |TAMS 0x0000000085000000, 0x0000000085000000| Untracked 
|  43|0x0000000085100000, 0x0000000085100000, 0x0000000085200000|  0%| F|  |TAMS 0x0000000085100000, 0x0000000085100000| Untracked 
|  44|0x0000000085200000, 0x0000000085200000, 0x0000000085300000|  0%| F|  |TAMS 0x0000000085200000, 0x0000000085200000| Untracked 
|  45|0x0000000085300000, 0x0000000085300000, 0x0000000085400000|  0%| F|  |TAMS 0x0000000085300000, 0x0000000085300000| Untracked 
|  46|0x0000000085400000, 0x0000000085400000, 0x0000000085500000|  0%| F|  |TAMS 0x0000000085400000, 0x0000000085400000| Untracked 
|  47|0x0000000085500000, 0x0000000085500000, 0x0000000085600000|  0%| F|  |TAMS 0x0000000085500000, 0x0000000085500000| Untracked 
|  48|0x0000000085600000, 0x0000000085600000, 0x0000000085700000|  0%| F|  |TAMS 0x0000000085600000, 0x0000000085600000| Untracked 
|  49|0x0000000085700000, 0x0000000085700000, 0x0000000085800000|  0%| F|  |TAMS 0x0000000085700000, 0x0000000085700000| Untracked 
|  50|0x0000000085800000, 0x0000000085800000, 0x0000000085900000|  0%| F|  |TAMS 0x0000000085800000, 0x0000000085800000| Untracked 
|  51|0x0000000085900000, 0x0000000085900000, 0x0000000085a00000|  0%| F|  |TAMS 0x0000000085900000, 0x0000000085900000| Untracked 
|  52|0x0000000085a00000, 0x0000000085a00000, 0x0000000085b00000|  0%| F|  |TAMS 0x0000000085a00000, 0x0000000085a00000| Untracked 
|  53|0x0000000085b00000, 0x0000000085b00000, 0x0000000085c00000|  0%| F|  |TAMS 0x0000000085b00000, 0x0000000085b00000| Untracked 
|  54|0x0000000085c00000, 0x0000000085c00000, 0x0000000085d00000|  0%| F|  |TAMS 0x0000000085c00000, 0x0000000085c00000| Untracked 
|  55|0x0000000085d00000, 0x0000000085d00000, 0x0000000085e00000|  0%| F|  |TAMS 0x0000000085d00000, 0x0000000085d00000| Untracked 
|  56|0x0000000085e00000, 0x0000000085e00000, 0x0000000085f00000|  0%| F|  |TAMS 0x0000000085e00000, 0x0000000085e00000| Untracked 
|  57|0x0000000085f00000, 0x0000000085f00000, 0x0000000086000000|  0%| F|  |TAMS 0x0000000085f00000, 0x0000000085f00000| Untracked 
|  58|0x0000000086000000, 0x0000000086000000, 0x0000000086100000|  0%| F|  |TAMS 0x0000000086000000, 0x0000000086000000| Untracked 
|  59|0x0000000086100000, 0x0000000086100000, 0x0000000086200000|  0%| F|  |TAMS 0x0000000086100000, 0x0000000086100000| Untracked 
|  60|0x0000000086200000, 0x0000000086200000, 0x0000000086300000|  0%| F|  |TAMS 0x0000000086200000, 0x0000000086200000| Untracked 
|  61|0x0000000086300000, 0x0000000086300000, 0x0000000086400000|  0%| F|  |TAMS 0x0000000086300000, 0x0000000086300000| Untracked 
|  62|0x0000000086400000, 0x0000000086400000, 0x0000000086500000|  0%| F|  |TAMS 0x0000000086400000, 0x0000000086400000| Untracked 
|  63|0x0000000086500000, 0x0000000086500000, 0x0000000086600000|  0%| F|  |TAMS 0x0000000086500000, 0x0000000086500000| Untracked 
|  64|0x0000000086600000, 0x0000000086600000, 0x0000000086700000|  0%| F|  |TAMS 0x0000000086600000, 0x0000000086600000| Untracked 
|  65|0x0000000086700000, 0x0000000086700000, 0x0000000086800000|  0%| F|  |TAMS 0x0000000086700000, 0x0000000086700000| Untracked 
|  66|0x0000000086800000, 0x0000000086800000, 0x0000000086900000|  0%| F|  |TAMS 0x0000000086800000, 0x0000000086800000| Untracked 
|  67|0x0000000086900000, 0x0000000086900000, 0x0000000086a00000|  0%| F|  |TAMS 0x0000000086900000, 0x0000000086900000| Untracked 
|  68|0x0000000086a00000, 0x0000000086a00000, 0x0000000086b00000|  0%| F|  |TAMS 0x0000000086a00000, 0x0000000086a00000| Untracked 
|  69|0x0000000086b00000, 0x0000000086b00000, 0x0000000086c00000|  0%| F|  |TAMS 0x0000000086b00000, 0x0000000086b00000| Untracked 
|  70|0x0000000086c00000, 0x0000000086c00000, 0x0000000086d00000|  0%| F|  |TAMS 0x0000000086c00000, 0x0000000086c00000| Untracked 
|  71|0x0000000086d00000, 0x0000000086d00000, 0x0000000086e00000|  0%| F|  |TAMS 0x0000000086d00000, 0x0000000086d00000| Untracked 
|  72|0x0000000086e00000, 0x0000000086e00000, 0x0000000086f00000|  0%| F|  |TAMS 0x0000000086e00000, 0x0000000086e00000| Untracked 
|  73|0x0000000086f00000, 0x0000000086f00000, 0x0000000087000000|  0%| F|  |TAMS 0x0000000086f00000, 0x0000000086f00000| Untracked 
|  74|0x0000000087000000, 0x0000000087000000, 0x0000000087100000|  0%| F|  |TAMS 0x0000000087000000, 0x0000000087000000| Untracked 
|  75|0x0000000087100000, 0x0000000087100000, 0x0000000087200000|  0%| F|  |TAMS 0x0000000087100000, 0x0000000087100000| Untracked 
|  76|0x0000000087200000, 0x0000000087200000, 0x0000000087300000|  0%| F|  |TAMS 0x0000000087200000, 0x0000000087200000| Untracked 
|  77|0x0000000087300000, 0x0000000087300000, 0x0000000087400000|  0%| F|  |TAMS 0x0000000087300000, 0x0000000087300000| Untracked 
|  78|0x0000000087400000, 0x0000000087400000, 0x0000000087500000|  0%| F|  |TAMS 0x0000000087400000, 0x0000000087400000| Untracked 
|  79|0x0000000087500000, 0x0000000087500000, 0x0000000087600000|  0%| F|  |TAMS 0x0000000087500000, 0x0000000087500000| Untracked 
|  80|0x0000000087600000, 0x0000000087600000, 0x0000000087700000|  0%| F|  |TAMS 0x0000000087600000, 0x0000000087600000| Untracked 
|  81|0x0000000087700000, 0x0000000087700000, 0x0000000087800000|  0%| F|  |TAMS 0x0000000087700000, 0x0000000087700000| Untracked 
|  82|0x0000000087800000, 0x0000000087800000, 0x0000000087900000|  0%| F|  |TAMS 0x0000000087800000, 0x0000000087800000| Untracked 
|  83|0x0000000087900000, 0x0000000087900000, 0x0000000087a00000|  0%| F|  |TAMS 0x0000000087900000, 0x0000000087900000| Untracked 
|  84|0x0000000087a00000, 0x0000000087a00000, 0x0000000087b00000|  0%| F|  |TAMS 0x0000000087a00000, 0x0000000087a00000| Untracked 
|  85|0x0000000087b00000, 0x0000000087b00000, 0x0000000087c00000|  0%| F|  |TAMS 0x0000000087b00000, 0x0000000087b00000| Untracked 
|  86|0x0000000087c00000, 0x0000000087c00000, 0x0000000087d00000|  0%| F|  |TAMS 0x0000000087c00000, 0x0000000087c00000| Untracked 
|  87|0x0000000087d00000, 0x0000000087d00000, 0x0000000087e00000|  0%| F|  |TAMS 0x0000000087d00000, 0x0000000087d00000| Untracked 
|  88|0x0000000087e00000, 0x0000000087e00000, 0x0000000087f00000|  0%| F|  |TAMS 0x0000000087e00000, 0x0000000087e00000| Untracked 
|  89|0x0000000087f00000, 0x0000000087f00000, 0x0000000088000000|  0%| F|  |TAMS 0x0000000087f00000, 0x0000000087f00000| Untracked 
|  90|0x0000000088000000, 0x0000000088000000, 0x0000000088100000|  0%| F|  |TAMS 0x0000000088000000, 0x0000000088000000| Untracked 
|  91|0x0000000088100000, 0x0000000088100000, 0x0000000088200000|  0%| F|  |TAMS 0x0000000088100000, 0x0000000088100000| Untracked 
|  92|0x0000000088200000, 0x0000000088200000, 0x0000000088300000|  0%| F|  |TAMS 0x0000000088200000, 0x0000000088200000| Untracked 
|  93|0x0000000088300000, 0x0000000088368790, 0x0000000088400000| 40%| S|CS|TAMS 0x0000000088300000, 0x0000000088300000| Complete 
|  94|0x0000000088400000, 0x0000000088500000, 0x0000000088500000|100%| S|CS|TAMS 0x0000000088400000, 0x0000000088400000| Complete 
|  95|0x0000000088500000, 0x0000000088600000, 0x0000000088600000|100%| S|CS|TAMS 0x0000000088500000, 0x0000000088500000| Complete 
|  96|0x0000000088600000, 0x0000000088600000, 0x0000000088700000|  0%| F|  |TAMS 0x0000000088600000, 0x0000000088600000| Untracked 
|  97|0x0000000088700000, 0x0000000088700000, 0x0000000088800000|  0%| F|  |TAMS 0x0000000088700000, 0x0000000088700000| Untracked 
|  98|0x0000000088800000, 0x0000000088800000, 0x0000000088900000|  0%| F|  |TAMS 0x0000000088800000, 0x0000000088800000| Untracked 
|  99|0x0000000088900000, 0x0000000088900000, 0x0000000088a00000|  0%| F|  |TAMS 0x0000000088900000, 0x0000000088900000| Untracked 
| 100|0x0000000088a00000, 0x0000000088a00000, 0x0000000088b00000|  0%| F|  |TAMS 0x0000000088a00000, 0x0000000088a00000| Untracked 
| 101|0x0000000088b00000, 0x0000000088b00000, 0x0000000088c00000|  0%| F|  |TAMS 0x0000000088b00000, 0x0000000088b00000| Untracked 
| 102|0x0000000088c00000, 0x0000000088c00000, 0x0000000088d00000|  0%| F|  |TAMS 0x0000000088c00000, 0x0000000088c00000| Untracked 
| 103|0x0000000088d00000, 0x0000000088d00000, 0x0000000088e00000|  0%| F|  |TAMS 0x0000000088d00000, 0x0000000088d00000| Untracked 
| 104|0x0000000088e00000, 0x0000000088e00000, 0x0000000088f00000|  0%| F|  |TAMS 0x0000000088e00000, 0x0000000088e00000| Untracked 
| 105|0x0000000088f00000, 0x0000000088f00000, 0x0000000089000000|  0%| F|  |TAMS 0x0000000088f00000, 0x0000000088f00000| Untracked 
| 106|0x0000000089000000, 0x0000000089000000, 0x0000000089100000|  0%| F|  |TAMS 0x0000000089000000, 0x0000000089000000| Untracked 
| 107|0x0000000089100000, 0x0000000089100000, 0x0000000089200000|  0%| F|  |TAMS 0x0000000089100000, 0x0000000089100000| Untracked 
| 108|0x0000000089200000, 0x0000000089200000, 0x0000000089300000|  0%| F|  |TAMS 0x0000000089200000, 0x0000000089200000| Untracked 
| 109|0x0000000089300000, 0x0000000089352498, 0x0000000089400000| 32%| E|  |TAMS 0x0000000089300000, 0x0000000089300000| Complete 
| 110|0x0000000089400000, 0x0000000089500000, 0x0000000089500000|100%| E|CS|TAMS 0x0000000089400000, 0x0000000089400000| Complete 
| 111|0x0000000089500000, 0x0000000089600000, 0x0000000089600000|100%| E|CS|TAMS 0x0000000089500000, 0x0000000089500000| Complete 
| 112|0x0000000089600000, 0x0000000089700000, 0x0000000089700000|100%| E|CS|TAMS 0x0000000089600000, 0x0000000089600000| Complete 
| 113|0x0000000089700000, 0x0000000089800000, 0x0000000089800000|100%| E|CS|TAMS 0x0000000089700000, 0x0000000089700000| Complete 
| 114|0x0000000089800000, 0x0000000089900000, 0x0000000089900000|100%| E|CS|TAMS 0x0000000089800000, 0x0000000089800000| Complete 
| 115|0x0000000089900000, 0x0000000089a00000, 0x0000000089a00000|100%| E|CS|TAMS 0x0000000089900000, 0x0000000089900000| Complete 
| 116|0x0000000089a00000, 0x0000000089b00000, 0x0000000089b00000|100%| E|CS|TAMS 0x0000000089a00000, 0x0000000089a00000| Complete 
| 117|0x0000000089b00000, 0x0000000089c00000, 0x0000000089c00000|100%| E|CS|TAMS 0x0000000089b00000, 0x0000000089b00000| Complete 
| 118|0x0000000089c00000, 0x0000000089d00000, 0x0000000089d00000|100%| E|CS|TAMS 0x0000000089c00000, 0x0000000089c00000| Complete 
| 119|0x0000000089d00000, 0x0000000089e00000, 0x0000000089e00000|100%| E|CS|TAMS 0x0000000089d00000, 0x0000000089d00000| Complete 
| 120|0x0000000089e00000, 0x0000000089f00000, 0x0000000089f00000|100%| E|CS|TAMS 0x0000000089e00000, 0x0000000089e00000| Complete 
| 121|0x0000000089f00000, 0x000000008a000000, 0x000000008a000000|100%| E|CS|TAMS 0x0000000089f00000, 0x0000000089f00000| Complete 
| 122|0x000000008a000000, 0x000000008a100000, 0x000000008a100000|100%| E|  |TAMS 0x000000008a000000, 0x000000008a000000| Complete 
| 123|0x000000008a100000, 0x000000008a200000, 0x000000008a200000|100%| E|CS|TAMS 0x000000008a100000, 0x000000008a100000| Complete 
| 124|0x000000008a200000, 0x000000008a300000, 0x000000008a300000|100%| E|CS|TAMS 0x000000008a200000, 0x000000008a200000| Complete 
| 125|0x000000008a300000, 0x000000008a400000, 0x000000008a400000|100%| E|CS|TAMS 0x000000008a300000, 0x000000008a300000| Complete 

Card table byte_map: [0x0000026dee020000,0x0000026dee410000] _byte_map_base: 0x0000026dedc0d000

Marking Bits (Prev, Next): (CMBitMap*) 0x0000026dd50ed610, (CMBitMap*) 0x0000026dd50ed650
 Prev Bits: [0x0000026dee800000, 0x0000026df0768000)
 Next Bits: [0x0000026df0770000, 0x0000026df26d8000)

Polling page: 0x0000026dde170000

Metaspace:

Usage:
  Non-class:     13.91 MB used.
      Class:      1.88 MB used.
       Both:     15.79 MB used.

Virtual space:
  Non-class space:       64.00 MB reserved,      14.00 MB ( 22%) committed,  1 nodes.
      Class space:        1.00 GB reserved,       2.00 MB ( <1%) committed,  1 nodes.
             Both:        1.06 GB reserved,      16.00 MB (  1%) committed. 

Chunk freelists:
   Non-Class:  1.19 MB
       Class:  1.98 MB
        Both:  3.17 MB

MaxMetaspaceSize: unlimited
CompressedClassSpaceSize: 1.00 GB
Initial GC threshold: 21.00 MB
Current GC threshold: 21.00 MB
CDS: on
MetaspaceReclaimPolicy: balanced
 - commit_granule_bytes: 65536.
 - commit_granule_words: 8192.
 - virtual_space_node_default_size: 8388608.
 - enlarge_chunks_in_place: 1.
 - new_chunks_are_fully_committed: 0.
 - uncommit_free_chunks: 1.
 - use_allocation_guard: 0.


Internal statistics:

num_allocs_failed_limit: 0.
num_arena_births: 208.
num_arena_deaths: 0.
num_vsnodes_births: 2.
num_vsnodes_deaths: 0.
num_space_committed: 257.
num_space_uncommitted: 0.
num_chunks_returned_to_freelist: 0.
num_chunks_taken_from_freelist: 718.
num_chunk_merges: 0.
num_chunk_splits: 489.
num_chunks_enlarged: 398.
num_inconsistent_stats: 0.

CodeHeap 'non-profiled nmethods': size=120000Kb used=833Kb max_used=833Kb free=119166Kb
 bounds [0x0000026de5c60000, 0x0000026de5ed0000, 0x0000026ded190000]
CodeHeap 'profiled nmethods': size=120000Kb used=3914Kb max_used=3914Kb free=116085Kb
 bounds [0x0000026dde730000, 0x0000026ddeb10000, 0x0000026de5c60000]
CodeHeap 'non-nmethods': size=5760Kb used=1190Kb max_used=1244Kb free=4570Kb
 bounds [0x0000026dde190000, 0x0000026dde400000, 0x0000026dde730000]
 total_blobs=2528 nmethods=2056 adapters=384
 compilation: enabled
              stopped_count=0, restarted_count=0
 full_count=0

Compilation events (20 events):
Event: 1.781 Thread 0x0000026df5183100 nmethod 2002 0x0000026ddead5490 code [0x0000026ddead56c0, 0x0000026ddead5fc8]
Event: 1.783 Thread 0x0000026df953c150 nmethod 1999 0x0000026de5d22110 code [0x0000026de5d222a0, 0x0000026de5d22758]
Event: 1.783 Thread 0x0000026df953c150 2000       4       java.util.LinkedHashMap::afterNodeInsertion (40 bytes)
Event: 1.784 Thread 0x0000026df953c150 nmethod 2000 0x0000026de5d22810 code [0x0000026de5d229a0, 0x0000026de5d22a78]
Event: 1.784 Thread 0x0000026df953c150 2003   !   4       java.net.URL::<init> (543 bytes)
Event: 1.788 Thread 0x0000026df95841f0 nmethod 1984% 0x0000026de5d22b90 code [0x0000026de5d22da0, 0x0000026de5d23ed0]
Event: 1.794 Thread 0x0000026df5183100 2004       3       org.springframework.util.CollectionUtils::isEmpty (19 bytes)
Event: 1.794 Thread 0x0000026df5183100 nmethod 2004 0x0000026ddead6310 code [0x0000026ddead64c0, 0x0000026ddead6708]
Event: 1.795 Thread 0x0000026df5183100 2005       3       java.util.Arrays$ArrayList::iterator (12 bytes)
Event: 1.795 Thread 0x0000026df5183100 nmethod 2005 0x0000026ddead6810 code [0x0000026ddead69c0, 0x0000026ddead6c58]
Event: 1.795 Thread 0x0000026df5183100 2006       3       java.util.Arrays$ArrayItr::<init> (10 bytes)
Event: 1.795 Thread 0x0000026df5183100 nmethod 2006 0x0000026ddead6d90 code [0x0000026ddead6f20, 0x0000026ddead70d8]
Event: 1.797 Thread 0x0000026df5183100 2007       3       java.lang.NamedPackage::<init> (59 bytes)
Event: 1.798 Thread 0x0000026df5183100 nmethod 2007 0x0000026ddead7190 code [0x0000026ddead7420, 0x0000026ddead7ef8]
Event: 1.800 Thread 0x0000026df5183100 2008       3       java.lang.Throwable::<init> (39 bytes)
Event: 1.800 Thread 0x0000026df5183100 nmethod 2008 0x0000026ddead8310 code [0x0000026ddead84e0, 0x0000026ddead8908]
Event: 1.805 Thread 0x0000026df5183100 2009       3       java.util.Arrays::asList (9 bytes)
Event: 1.805 Thread 0x0000026df5183100 nmethod 2009 0x0000026ddead8a10 code [0x0000026ddead8be0, 0x0000026ddead9068]
Event: 1.805 Thread 0x0000026df5183100 2010       3       java.util.Arrays$ArrayList::<init> (16 bytes)
Event: 1.805 Thread 0x0000026df5183100 nmethod 2010 0x0000026ddead9210 code [0x0000026ddead93e0, 0x0000026ddead97c8]

GC Heap History (4 events):
Event: 0.891 GC heap before
{Heap before GC invocations=0 (full 0):
 garbage-first heap   total 129024K, used 23552K [0x0000000082600000, 0x0000000100000000)
  region size 1024K, 23 young (23552K), 0 survivors (0K)
 Metaspace       used 5716K, committed 5888K, reserved 1114112K
  class space    used 628K, committed 704K, reserved 1048576K
}
Event: 0.897 GC heap after
{Heap after GC invocations=1 (full 0):
 garbage-first heap   total 129024K, used 6909K [0x0000000082600000, 0x0000000100000000)
  region size 1024K, 3 young (3072K), 3 survivors (3072K)
 Metaspace       used 5716K, committed 5888K, reserved 1114112K
  class space    used 628K, committed 704K, reserved 1048576K
}
Event: 1.557 GC heap before
{Heap before GC invocations=1 (full 0):
 garbage-first heap   total 129024K, used 33533K [0x0000000082600000, 0x0000000100000000)
  region size 1024K, 30 young (30720K), 3 survivors (3072K)
 Metaspace       used 12812K, committed 13056K, reserved 1114112K
  class space    used 1510K, committed 1664K, reserved 1048576K
}
Event: 1.564 GC heap after
{Heap after GC invocations=2 (full 0):
 garbage-first heap   total 129024K, used 9413K [0x0000000082600000, 0x0000000100000000)
  region size 1024K, 3 young (3072K), 3 survivors (3072K)
 Metaspace       used 12812K, committed 13056K, reserved 1114112K
  class space    used 1510K, committed 1664K, reserved 1048576K
}

Deoptimization events (20 events):
Event: 1.653 Thread 0x0000026df9bdd8f0 Uncommon trap: trap_request=0xffffff45 fr.pc=0x0000026de5c8fd90 relative=0x0000000000000270
Event: 1.653 Thread 0x0000026df9bdd8f0 Uncommon trap: reason=unstable_if action=reinterpret pc=0x0000026de5c8fd90 method=java.util.StringTokenizer.scanToken(I)I @ 42 c2
Event: 1.653 Thread 0x0000026df9bdd8f0 DEOPT PACKING pc=0x0000026de5c8fd90 sp=0x000000ec282fd950
Event: 1.653 Thread 0x0000026df9bdd8f0 DEOPT UNPACKING pc=0x0000026dde1e23a3 sp=0x000000ec282fd8e0 mode 2
Event: 1.681 Thread 0x0000026df9bdd8f0 Uncommon trap: trap_request=0xffffff45 fr.pc=0x0000026de5cddb74 relative=0x0000000000000a74
Event: 1.681 Thread 0x0000026df9bdd8f0 Uncommon trap: reason=unstable_if action=reinterpret pc=0x0000026de5cddb74 method=jdk.internal.org.objectweb.asm.SymbolTable.put(Ljdk/internal/org/objectweb/asm/SymbolTable$Entry;)Ljdk/internal/org/objectweb/asm/SymbolTable$Entry; @ 13 c2
Event: 1.681 Thread 0x0000026df9bdd8f0 DEOPT PACKING pc=0x0000026de5cddb74 sp=0x000000ec282fc740
Event: 1.681 Thread 0x0000026df9bdd8f0 DEOPT UNPACKING pc=0x0000026dde1e23a3 sp=0x000000ec282fc678 mode 2
Event: 1.710 Thread 0x0000026df9bdd8f0 Uncommon trap: trap_request=0xffffffc6 fr.pc=0x0000026de5d028ac relative=0x0000000000001b0c
Event: 1.710 Thread 0x0000026df9bdd8f0 Uncommon trap: reason=bimorphic_or_optimized_type_check action=maybe_recompile pc=0x0000026de5d028ac method=java.util.HashMap.putVal(ILjava/lang/Object;Ljava/lang/Object;ZZ)Ljava/lang/Object; @ 91 c2
Event: 1.710 Thread 0x0000026df9bdd8f0 DEOPT PACKING pc=0x0000026de5d028ac sp=0x000000ec282fe1c0
Event: 1.710 Thread 0x0000026df9bdd8f0 DEOPT UNPACKING pc=0x0000026dde1e23a3 sp=0x000000ec282fe078 mode 2
Event: 1.710 Thread 0x0000026df9bdd8f0 Uncommon trap: trap_request=0xffffffc6 fr.pc=0x0000026de5d028ac relative=0x0000000000001b0c
Event: 1.710 Thread 0x0000026df9bdd8f0 Uncommon trap: reason=bimorphic_or_optimized_type_check action=maybe_recompile pc=0x0000026de5d028ac method=java.util.HashMap.putVal(ILjava/lang/Object;Ljava/lang/Object;ZZ)Ljava/lang/Object; @ 91 c2
Event: 1.710 Thread 0x0000026df9bdd8f0 DEOPT PACKING pc=0x0000026de5d028ac sp=0x000000ec282fe250
Event: 1.710 Thread 0x0000026df9bdd8f0 DEOPT UNPACKING pc=0x0000026dde1e23a3 sp=0x000000ec282fe108 mode 2
Event: 1.780 Thread 0x0000026df9bdd8f0 Uncommon trap: trap_request=0xffffff45 fr.pc=0x0000026de5c8280c relative=0x00000000000006cc
Event: 1.780 Thread 0x0000026df9bdd8f0 Uncommon trap: reason=unstable_if action=reinterpret pc=0x0000026de5c8280c method=java.util.jar.Manifest$FastInputStream.readLine([BII)I @ 130 c2
Event: 1.780 Thread 0x0000026df9bdd8f0 DEOPT PACKING pc=0x0000026de5c8280c sp=0x000000ec282fbec0
Event: 1.780 Thread 0x0000026df9bdd8f0 DEOPT UNPACKING pc=0x0000026dde1e23a3 sp=0x000000ec282fbe50 mode 2

Classes loaded (20 events):
Event: 1.628 Loading class java/util/concurrent/ConcurrentLinkedDeque$Itr
Event: 1.628 Loading class java/util/concurrent/ConcurrentLinkedDeque$AbstractItr
Event: 1.628 Loading class java/util/concurrent/ConcurrentLinkedDeque$AbstractItr done
Event: 1.628 Loading class java/util/concurrent/ConcurrentLinkedDeque$Itr done
Event: 1.636 Loading class java/net/SocketException
Event: 1.636 Loading class java/net/SocketException done
Event: 1.648 Loading class java/util/regex/Pattern$Pos
Event: 1.648 Loading class java/util/regex/Pattern$Pos done
Event: 1.653 Loading class java/util/regex/Pattern$LazyLoop
Event: 1.653 Loading class java/util/regex/Pattern$Loop
Event: 1.654 Loading class java/util/regex/Pattern$Loop done
Event: 1.654 Loading class java/util/regex/Pattern$LazyLoop done
Event: 1.654 Loading class java/util/regex/Pattern$Prolog
Event: 1.654 Loading class java/util/regex/Pattern$Prolog done
Event: 1.662 Loading class java/lang/AssertionError
Event: 1.662 Loading class java/lang/AssertionError done
Event: 1.787 Loading class javax/naming/ldap/LdapContext
Event: 1.787 Loading class javax/naming/directory/DirContext
Event: 1.787 Loading class javax/naming/directory/DirContext done
Event: 1.787 Loading class javax/naming/ldap/LdapContext done

Classes unloaded (0 events):
No events

Classes redefined (0 events):
No events

Internal exceptions (20 events):
Event: 1.615 Thread 0x0000026df9bdd8f0 Exception <a 'java/lang/ClassNotFoundException'{0x000000008a0a0a10}: org/springframework/context/annotation/ConfigurationClassPostProcessorCustomizer> (0x000000008a0a0a10) 
thrown [s\open\src\hotspot\share\classfile\systemDictionary.cpp, line 255]
Event: 1.620 Thread 0x0000026df9bdd8f0 Exception <a 'java/lang/ClassNotFoundException'{0x000000008a0beea8}: org/springframework/beans/factory/support/BeanDefinitionRegistryPostProcessorCustomizer> (0x000000008a0beea8) 
thrown [s\open\src\hotspot\share\classfile\systemDictionary.cpp, line 255]
Event: 1.620 Thread 0x0000026df9bdd8f0 Exception <a 'java/lang/ClassNotFoundException'{0x000000008a0c3ba8}: org/springframework/beans/factory/config/BeanFactoryPostProcessorCustomizer> (0x000000008a0c3ba8) 
thrown [s\open\src\hotspot\share\classfile\systemDictionary.cpp, line 255]
Event: 1.621 Thread 0x0000026df9bdd8f0 Exception <a 'java/lang/ClassNotFoundException'{0x000000008a0c8650}: org/springframework/core/PriorityOrderedCustomizer> (0x000000008a0c8650) 
thrown [s\open\src\hotspot\share\classfile\systemDictionary.cpp, line 255]
Event: 1.621 Thread 0x0000026df9bdd8f0 Exception <a 'java/lang/ClassNotFoundException'{0x000000008a0cbd38}: org/springframework/core/OrderedCustomizer> (0x000000008a0cbd38) 
thrown [s\open\src\hotspot\share\classfile\systemDictionary.cpp, line 255]
Event: 1.622 Thread 0x0000026df9bdd8f0 Exception <a 'java/lang/ClassNotFoundException'{0x000000008a0d0688}: org/springframework/context/ResourceLoaderAwareCustomizer> (0x000000008a0d0688) 
thrown [s\open\src\hotspot\share\classfile\systemDictionary.cpp, line 255]
Event: 1.622 Thread 0x0000026df9bdd8f0 Exception <a 'java/lang/ClassNotFoundException'{0x0000000089f86970}: org/springframework/beans/factory/AwareCustomizer> (0x0000000089f86970) 
thrown [s\open\src\hotspot\share\classfile\systemDictionary.cpp, line 255]
Event: 1.623 Thread 0x0000026df9bdd8f0 Exception <a 'java/lang/ClassNotFoundException'{0x0000000089f8a410}: org/springframework/context/ApplicationStartupAwareCustomizer> (0x0000000089f8a410) 
thrown [s\open\src\hotspot\share\classfile\systemDictionary.cpp, line 255]
Event: 1.623 Thread 0x0000026df9bdd8f0 Exception <a 'java/lang/ClassNotFoundException'{0x0000000089f8f120}: org/springframework/beans/factory/AwareCustomizer> (0x0000000089f8f120) 
thrown [s\open\src\hotspot\share\classfile\systemDictionary.cpp, line 255]
Event: 1.624 Thread 0x0000026df9bdd8f0 Exception <a 'java/lang/ClassNotFoundException'{0x0000000089f92bf8}: org/springframework/beans/factory/BeanClassLoaderAwareCustomizer> (0x0000000089f92bf8) 
thrown [s\open\src\hotspot\share\classfile\systemDictionary.cpp, line 255]
Event: 1.624 Thread 0x0000026df9bdd8f0 Exception <a 'java/lang/ClassNotFoundException'{0x0000000089f97668}: org/springframework/beans/factory/AwareCustomizer> (0x0000000089f97668) 
thrown [s\open\src\hotspot\share\classfile\systemDictionary.cpp, line 255]
Event: 1.625 Thread 0x0000026df9bdd8f0 Exception <a 'java/lang/ClassNotFoundException'{0x0000000089f9ae90}: org/springframework/context/EnvironmentAwareCustomizer> (0x0000000089f9ae90) 
thrown [s\open\src\hotspot\share\classfile\systemDictionary.cpp, line 255]
Event: 1.625 Thread 0x0000026df9bdd8f0 Exception <a 'java/lang/ClassNotFoundException'{0x0000000089f9f898}: org/springframework/beans/factory/AwareCustomizer> (0x0000000089f9f898) 
thrown [s\open\src\hotspot\share\classfile\systemDictionary.cpp, line 255]
Event: 1.650 Thread 0x0000026df9bdd8f0 Exception <a 'java/lang/NoSuchMethodError'{0x0000000089dd1b48}: 'java.lang.Object java.lang.invoke.DirectMethodHandle$Holder.invokeVirtual(java.lang.Object, java.lang.Object, java.lang.Object)'> (0x0000000089dd1b48) 
thrown [s\open\src\hotspot\share\interpreter\linkResolver.cpp, line 759]
Event: 1.657 Thread 0x0000026df9a15840 Exception <a 'java/lang/NoSuchMethodError'{0x0000000089c3bab8}: 'long java.lang.invoke.DirectMethodHandle$Holder.invokeSpecial(java.lang.Object, java.lang.Object)'> (0x0000000089c3bab8) 
thrown [s\open\src\hotspot\share\interpreter\linkResolver.cpp, line 759]
Event: 1.659 Thread 0x0000026df9a15840 Exception <a 'java/lang/NoSuchMethodError'{0x0000000089c471a0}: 'long java.lang.invoke.DirectMethodHandle$Holder.invokeStatic(java.lang.Object, java.lang.Object)'> (0x0000000089c471a0) 
thrown [s\open\src\hotspot\share\interpreter\linkResolver.cpp, line 759]
Event: 1.659 Thread 0x0000026df9a15840 Exception <a 'java/lang/NoSuchMethodError'{0x0000000089c4a798}: 'long java.lang.invoke.DirectMethodHandle$Holder.invokeStaticInit(java.lang.Object, java.lang.Object)'> (0x0000000089c4a798) 
thrown [s\open\src\hotspot\share\interpreter\linkResolver.cpp, line 759]
Event: 1.661 Thread 0x0000026df9a15840 Exception <a 'java/lang/NoSuchMethodError'{0x0000000089caa440}: 'long java.lang.invoke.DirectMethodHandle$Holder.invokeInterface(java.lang.Object, java.lang.Object)'> (0x0000000089caa440) 
thrown [s\open\src\hotspot\share\interpreter\linkResolver.cpp, line 759]
Event: 1.662 Thread 0x0000026df9a15840 Exception <a 'java/lang/IncompatibleClassChangeError'{0x0000000089cad9c8}: Found class java.lang.Object, but interface was expected> (0x0000000089cad9c8) 
thrown [s\open\src\hotspot\share\interpreter\linkResolver.cpp, line 826]
Event: 1.673 Thread 0x0000026df9a15840 Exception <a 'java/lang/NoSuchMethodError'{0x0000000089b505b0}: 'java.lang.Object java.lang.invoke.DirectMethodHandle$Holder.invokeVirtual(java.lang.Object, java.lang.Object, java.lang.Object, java.lang.Object)'> (0x0000000089b505b0) 
thrown [s\open\src\hotspot\share\interpreter\linkResolver.cpp, line 759]

VM Operations (20 events):
Event: 0.838 Executing VM operation: HandshakeAllThreads
Event: 0.838 Executing VM operation: HandshakeAllThreads done
Event: 0.891 Executing VM operation: G1CollectForAllocation
Event: 0.897 Executing VM operation: G1CollectForAllocation done
Event: 1.132 Executing VM operation: HandshakeAllThreads
Event: 1.132 Executing VM operation: HandshakeAllThreads done
Event: 1.312 Executing VM operation: HandshakeAllThreads
Event: 1.313 Executing VM operation: HandshakeAllThreads done
Event: 1.313 Executing VM operation: HandshakeAllThreads
Event: 1.313 Executing VM operation: HandshakeAllThreads done
Event: 1.385 Executing VM operation: ICBufferFull
Event: 1.386 Executing VM operation: ICBufferFull done
Event: 1.548 Executing VM operation: HandshakeAllThreads
Event: 1.548 Executing VM operation: HandshakeAllThreads done
Event: 1.556 Executing VM operation: G1CollectForAllocation
Event: 1.564 Executing VM operation: G1CollectForAllocation done
Event: 1.612 Executing VM operation: HandshakeAllThreads
Event: 1.612 Executing VM operation: HandshakeAllThreads done
Event: 1.640 Executing VM operation: HandshakeAllThreads
Event: 1.640 Executing VM operation: HandshakeAllThreads done

Events (20 events):
Event: 0.202 Thread 0x0000026df520e780 Thread added: 0x0000026df520e780
Event: 0.222 Loaded shared library C:\Program Files\Java\jdk-18.0.2\bin\zip.dll
Event: 0.225 Loaded shared library C:\Program Files\Java\jdk-18.0.2\bin\instrument.dll
Event: 0.232 Loaded shared library C:\Program Files\Java\jdk-18.0.2\bin\net.dll
Event: 0.235 Loaded shared library C:\Program Files\Java\jdk-18.0.2\bin\nio.dll
Event: 0.238 Loaded shared library C:\Program Files\Java\jdk-18.0.2\bin\zip.dll
Event: 0.258 Thread 0x0000026df953c150 Thread added: 0x0000026df953c150
Event: 0.259 Thread 0x0000026df95841f0 Thread added: 0x0000026df95841f0
Event: 0.325 Loaded shared library D:\app\intelliji gr\IntelliJ IDEA Community Edition 2023.1.1\bin\breakgen64.dll
Event: 0.326 Thread 0x0000026df96e19a0 Thread added: 0x0000026df96e19a0
Event: 0.326 Thread 0x0000026df967ea00 Thread added: 0x0000026df967ea00
Event: 0.362 Loaded shared library C:\Program Files\Java\jdk-18.0.2\bin\verify.dll
Event: 0.368 Loaded shared library C:\Program Files\Java\jdk-18.0.2\bin\jimage.dll
Event: 0.713 Loaded shared library C:\Program Files\Java\jdk-18.0.2\bin\management.dll
Event: 0.715 Loaded shared library C:\Program Files\Java\jdk-18.0.2\bin\management_ext.dll
Event: 0.776 Thread 0x0000026df9b9c7e0 Thread added: 0x0000026df9b9c7e0
Event: 0.784 Thread 0x0000026df9bdd8f0 Thread added: 0x0000026df9bdd8f0
Event: 1.297 Thread 0x0000026df9a15840 Thread added: 0x0000026df9a15840
Event: 1.676 Thread 0x0000026df9a15840 Thread exited: 0x0000026df9a15840
Event: 1.747 Thread 0x0000026dfa61e380 Thread added: 0x0000026dfa61e380


Dynamic libraries:
0x00007ff799560000 - 0x00007ff799570000 	C:\Program Files\Java\jdk-18.0.2\bin\java.exe
0x00007ffc11990000 - 0x00007ffc11b88000 	C:\windows\SYSTEM32\ntdll.dll
0x00007ffc0fe00000 - 0x00007ffc0febf000 	C:\windows\System32\KERNEL32.DLL
0x00007ffc0f490000 - 0x00007ffc0f786000 	C:\windows\System32\KERNELBASE.dll
0x00007ffc0f070000 - 0x00007ffc0f170000 	C:\windows\System32\ucrtbase.dll
0x00007ffc091e0000 - 0x00007ffc091fa000 	C:\Program Files\Java\jdk-18.0.2\bin\VCRUNTIME140.dll
0x00007ffc09040000 - 0x00007ffc09058000 	C:\Program Files\Java\jdk-18.0.2\bin\jli.dll
0x00007ffc10f80000 - 0x00007ffc1102f000 	C:\windows\System32\ADVAPI32.dll
0x00007ffc10520000 - 0x00007ffc105be000 	C:\windows\System32\msvcrt.dll
0x00007ffc0ffb0000 - 0x00007ffc1004c000 	C:\windows\System32\sechost.dll
0x00007ffc10db0000 - 0x00007ffc10ed6000 	C:\windows\System32\RPCRT4.dll
0x00007ffc11030000 - 0x00007ffc111cd000 	C:\windows\System32\USER32.dll
0x00007ffc0f970000 - 0x00007ffc0f992000 	C:\windows\System32\win32u.dll
0x00007ffbf5c90000 - 0x00007ffbf5f2a000 	C:\windows\WinSxS\amd64_microsoft.windows.common-controls_6595b64144ccf1df_6.0.19041.1110_none_60b5254171f9507e\COMCTL32.dll
0x00007ffc0fec0000 - 0x00007ffc0feec000 	C:\windows\System32\GDI32.dll
0x00007ffc0f370000 - 0x00007ffc0f485000 	C:\windows\System32\gdi32full.dll
0x00007ffc0f2d0000 - 0x00007ffc0f36d000 	C:\windows\System32\msvcp_win.dll
0x00007ffc08f80000 - 0x00007ffc08f8a000 	C:\windows\SYSTEM32\VERSION.dll
0x00007ffc117d0000 - 0x00007ffc11800000 	C:\windows\System32\IMM32.DLL
0x00007ffc07f50000 - 0x00007ffc07f5c000 	C:\Program Files\Java\jdk-18.0.2\bin\vcruntime140_1.dll
0x00007ffbf64d0000 - 0x00007ffbf655d000 	C:\Program Files\Java\jdk-18.0.2\bin\msvcp140.dll
0x00007ffbbcdd0000 - 0x00007ffbbd9e1000 	C:\Program Files\Java\jdk-18.0.2\bin\server\jvm.dll
0x00007ffc10650000 - 0x00007ffc10658000 	C:\windows\System32\PSAPI.DLL
0x00007ffc09c20000 - 0x00007ffc09c29000 	C:\windows\SYSTEM32\WSOCK32.dll
0x00007ffc11570000 - 0x00007ffc115db000 	C:\windows\System32\WS2_32.dll
0x00007ffbf4620000 - 0x00007ffbf4647000 	C:\windows\SYSTEM32\WINMM.dll
0x00007ffc0d8c0000 - 0x00007ffc0d8d2000 	C:\windows\SYSTEM32\kernel.appcore.dll
0x00007ffc07f40000 - 0x00007ffc07f4a000 	C:\Program Files\Java\jdk-18.0.2\bin\jimage.dll
0x00007ffc0ce30000 - 0x00007ffc0d014000 	C:\windows\SYSTEM32\DBGHELP.DLL
0x00007ffbeefa0000 - 0x00007ffbeefd4000 	C:\windows\SYSTEM32\dbgcore.DLL
0x00007ffc0f8b0000 - 0x00007ffc0f932000 	C:\windows\System32\bcryptPrimitives.dll
0x00007ffc0a9b0000 - 0x00007ffc0a9be000 	C:\Program Files\Java\jdk-18.0.2\bin\instrument.dll
0x00007ffbfa4c0000 - 0x00007ffbfa4e5000 	C:\Program Files\Java\jdk-18.0.2\bin\java.dll
0x00007ffbf6260000 - 0x00007ffbf6336000 	C:\Program Files\Java\jdk-18.0.2\bin\jsvml.dll
0x00007ffc10660000 - 0x00007ffc10da4000 	C:\windows\System32\SHELL32.dll
0x00007ffc0d110000 - 0x00007ffc0d8a3000 	C:\windows\SYSTEM32\windows.storage.dll
0x00007ffc0faa0000 - 0x00007ffc0fdf4000 	C:\windows\System32\combase.dll
0x00007ffc0ead0000 - 0x00007ffc0eafe000 	C:\windows\SYSTEM32\Wldp.dll
0x00007ffc115e0000 - 0x00007ffc1168d000 	C:\windows\System32\SHCORE.dll
0x00007ffc11770000 - 0x00007ffc117c5000 	C:\windows\System32\shlwapi.dll
0x00007ffc0efb0000 - 0x00007ffc0efcf000 	C:\windows\SYSTEM32\profapi.dll
0x00007ffbf6490000 - 0x00007ffbf64a8000 	C:\Program Files\Java\jdk-18.0.2\bin\zip.dll
0x00007ffbf9790000 - 0x00007ffbf97a3000 	C:\Program Files\Java\jdk-18.0.2\bin\net.dll
0x00007ffc06930000 - 0x00007ffc06a3a000 	C:\windows\SYSTEM32\WINHTTP.dll
0x00007ffc0e830000 - 0x00007ffc0e89a000 	C:\windows\system32\mswsock.dll
0x00007ffbf64b0000 - 0x00007ffbf64c6000 	C:\Program Files\Java\jdk-18.0.2\bin\nio.dll
0x00007ffbf85f0000 - 0x00007ffbf860a000 	D:\app\intelliji gr\IntelliJ IDEA Community Edition 2023.1.1\bin\breakgen64.dll
0x00007ffbf8bd0000 - 0x00007ffbf8be0000 	C:\Program Files\Java\jdk-18.0.2\bin\verify.dll
0x00007ffc09070000 - 0x00007ffc09079000 	C:\Program Files\Java\jdk-18.0.2\bin\management.dll
0x00007ffbfa5b0000 - 0x00007ffbfa5bb000 	C:\Program Files\Java\jdk-18.0.2\bin\management_ext.dll
0x00007ffbe45c0000 - 0x00007ffbe45d7000 	C:\windows\system32\napinsp.dll
0x00007ffbe4540000 - 0x00007ffbe455b000 	C:\windows\system32\pnrpnsp.dll
0x00007ffbe4520000 - 0x00007ffbe4535000 	C:\windows\system32\wshbth.dll
0x00007ffc0a980000 - 0x00007ffc0a99d000 	C:\windows\system32\NLAapi.dll
0x00007ffc0e4d0000 - 0x00007ffc0e50c000 	C:\windows\SYSTEM32\IPHLPAPI.DLL
0x00007ffc0e510000 - 0x00007ffc0e5db000 	C:\windows\SYSTEM32\DNSAPI.dll
0x00007ffc10ef0000 - 0x00007ffc10ef8000 	C:\windows\System32\NSI.dll
0x00007ffbe4500000 - 0x00007ffbe4512000 	C:\windows\System32\winrnr.dll
0x000000006ba10000 - 0x000000006ba36000 	C:\Program Files\Bonjour\mdnsNSP.dll
0x00007ffc068a0000 - 0x00007ffc068aa000 	C:\Windows\System32\rasadhlp.dll
0x00007ffc00d40000 - 0x00007ffc00dc2000 	C:\windows\System32\fwpuclnt.dll
0x00007ffc0f940000 - 0x00007ffc0f967000 	C:\windows\System32\bcrypt.dll

dbghelp: loaded successfully - version: 4.0.5 - missing functions: none
symbol engine: initialized successfully - sym options: 0x614 - pdb path: .;C:\Program Files\Java\jdk-18.0.2\bin;C:\windows\SYSTEM32;C:\windows\WinSxS\amd64_microsoft.windows.common-controls_6595b64144ccf1df_6.0.19041.1110_none_60b5254171f9507e;C:\Program Files\Java\jdk-18.0.2\bin\server;D:\app\intelliji gr\IntelliJ IDEA Community Edition 2023.1.1\bin;C:\Program Files\Bonjour

VM Arguments:
jvm_args: -javaagent:D:\app\intelliji gr\IntelliJ IDEA Community Edition 2023.1.1\lib\idea_rt.jar=61167:D:\app\intelliji gr\IntelliJ IDEA Community Edition 2023.1.1\bin -Dfile.encoding=UTF-8 -Dsun.stdout.encoding=UTF-8 -Dsun.stderr.encoding=UTF-8 
java_command: com.example.ApiVeterinaria.ApiVeterinariaApplication
java_class_path (initial): D:\netbeans proyect\programacion II\proyecto final\Proyecto final final\ApiVeterinariaFinal\target\classes;C:\Users\JUAN ESTEBAN\.m2\repository\org\springframework\boot\spring-boot-starter-data-jdbc\2.7.5\spring-boot-starter-data-jdbc-2.7.5.jar;C:\Users\JUAN ESTEBAN\.m2\repository\org\springframework\boot\spring-boot-starter-jdbc\2.7.5\spring-boot-starter-jdbc-2.7.5.jar;C:\Users\JUAN ESTEBAN\.m2\repository\com\zaxxer\HikariCP\4.0.3\HikariCP-4.0.3.jar;C:\Users\JUAN ESTEBAN\.m2\repository\org\springframework\spring-jdbc\5.3.23\spring-jdbc-5.3.23.jar;C:\Users\JUAN ESTEBAN\.m2\repository\org\springframework\data\spring-data-jdbc\2.4.5\spring-data-jdbc-2.4.5.jar;C:\Users\JUAN ESTEBAN\.m2\repository\org\springframework\data\spring-data-relational\2.4.5\spring-data-relational-2.4.5.jar;C:\Users\JUAN ESTEBAN\.m2\repository\org\springframework\data\spring-data-commons\2.7.5\spring-data-commons-2.7.5.jar;C:\Users\JUAN ESTEBAN\.m2\repository\org\springframework\spring-tx\5.3.23\spring-tx-5.3.23.jar;C:\Users\JUAN ESTEBAN\.m2\repository\org\springframework\spring-context\5.3.23\spring-context-5.3.23.jar;C:\Users\JUAN ESTEBAN\.m2\repository\org\springframework\spring-beans\5.3.23\spring-beans-5.3.23.jar;C:\Users\JUAN ESTEBAN\.m2\repository\org\slf4j\slf4j-api\1.7.36\slf4j-api-1.7.36.jar;C:\Users\JUAN ESTEBAN\.m2\repository\org\springframework\boot\spring-boot-starter-data-jpa\2.7.5\spring-boot-starter-data-jpa-2.7.5.jar;C:\Users\JUAN ESTEBAN\.m2\repository\org\springframework\boot\spring-boot-starter-aop\2.7.5\spring-boot-starter-aop-2.7.5.jar;C:\Users\JUAN ESTEBAN\.m2\repository\org\springframework\spring-aop\5.3.23\spring-aop-5.3.23.jar;C:\Users\JUAN ESTEBAN\.m2\repository\org\aspectj\aspectjweaver\1.9.7\aspectjweaver-1.9.7.jar;C:\Users\JUAN ESTEBAN\.m2\repository\jakarta\transaction\jakarta.transaction-api\1.3.3\jakarta.transaction-api-1.3.3.jar;C:\Users\JUAN ESTEBAN\.m2\repository\jakarta\persistence\jakarta.persistence-api\2.2.3\jakarta.persistence-api-2.2.3.jar;C:\Users\JUAN ESTEBAN\.m2\repository\org\hibernate\hibernate-core\5.6.12.Final\hibernate-core-5.6.12.Final.jar;C:\Users\JUAN ESTEBAN\.m2\repository\org\jboss\logging\jboss-logging\3.4.3.Final\jboss-logging-3.4.3.Final.jar;C:\Users\JUAN ESTEBAN\.m2\repository\net\bytebuddy\byte-buddy\1.12.18\byte-buddy-1.12.18.jar;C:\Users\JUAN ESTEBAN\.m2\repository\antlr\antlr\2.7.7\antlr-2.7.7.jar;C:\Users\JUAN ESTEBAN\.m2\repository\org\jboss\jandex\2.4.2.Final\jandex-2.4.2.Final.jar;C:\Users\JUAN ESTEBAN\.m2\repository\com\fasterxml\classmate\1.5.1\classmate-1.5.1.jar;C:\Users\JUAN ESTEBAN\.m2\repository\org\hibernate\common\hibernate-commons-annotations\5.1.2.Final\hibernate-commons-annotations-5.1.2.Final.jar;C:\Users\JUAN ESTEBAN\.m2\repository\org\glassfish\jaxb\jaxb-runtime\2.3.7\jaxb-runtime-2.3.7.jar;C:\Users\JUAN ESTEBAN\.m2\repository\org\glassfish\jaxb\txw2\2.3.7\txw2-2.3.7.jar;C:\Users\JUAN ESTEBAN\.m2\repository\com\sun\istack\istack-commons-runtime\3.0.12\istack-commons-runtime-3.0.12.jar;C:\Users\JUAN ESTEBAN\.m2\repository\com\sun\activation\jakarta.activation\1.2.2\jakarta.activation-1.2.2.jar;C:\Users\JUAN ESTEBAN\.m2\repository\org\springframework\data\spring-data-jpa\2.7.5\spring-data-jpa-2.7.5.jar;C:\Users\JUAN ESTEBAN\.m2\repository\org\springframework\spring-orm\5.3.23\spring-orm-5.3.23.jar;C:\Users\JUAN ESTEBAN\.m2\repository\org\springframework\spring-aspects\5.3.23\spring-aspects-5.3.23.jar;C:\Users\JUAN ESTEBAN\.m2\repository\org\springframework\boot\spring-boot-starter-thymeleaf\2.7.5\spring-boot-starter-thymeleaf-2.7.5.jar;C:\Users\JUAN ESTEBAN\.m2\repository\org\springframework\boot\spring-boot-starter\2.7.5\spring-boot-starter-2.7.5.jar;C:\Users\JUAN ESTEBAN\.m2\repository\org\springframework\boot\spring-boot-starter-logging\2.7.5\spring-boot-starter-logging-2.7.5.jar;C:\Users\JUAN ESTEBAN\.m2\repository\ch\qos\logback\logback-classic\1.2.11\logback-classic-1.2.11.jar;C:\Users\JUAN ESTEBAN\.m2\repository\ch\qos\logback\logback-core\1.2.11\logback-core-1.2.11.jar;C:\Users\JUAN ESTEBAN\.m2\repository\org\apache\logging\log4j\log4j-to-slf4j\2.17.2\log4j-to-slf4j-2.17.2.jar;C:\Users\JUAN ESTEBAN\.m2\repository\org\apache\logging\log4j\log4j-api\2.17.2\log4j-api-2.17.2.jar;C:\Users\JUAN ESTEBAN\.m2\repository\org\slf4j\jul-to-slf4j\1.7.36\jul-to-slf4j-1.7.36.jar;C:\Users\JUAN ESTEBAN\.m2\repository\jakarta\annotation\jakarta.annotation-api\1.3.5\jakarta.annotation-api-1.3.5.jar;C:\Users\JUAN ESTEBAN\.m2\repository\org\yaml\snakeyaml\1.30\snakeyaml-1.30.jar;C:\Users\JUAN ESTEBAN\.m2\repository\org\thymeleaf\thymeleaf-spring5\3.0.15.RELEASE\thymeleaf-spring5-3.0.15.RELEASE.jar;C:\Users\JUAN ESTEBAN\.m2\repository\org\thymeleaf\thymeleaf\3.0.15.RELEASE\thymeleaf-3.0.15.RELEASE.jar;C:\Users\JUAN ESTEBAN\.m2\repository\org\attoparser\attoparser\2.0.5.RELEASE\attoparser-2.0.5.RELEASE.jar;C:\Users\JUAN ESTEBAN\.m2\repository\org\unbescape\unbescape\1.1.6.RELEASE\unbescape-1.1.6.RELEASE.jar;C:\Users\JUAN ESTEBAN\.m2\repository\org\thymeleaf\extras\thymeleaf-extras-java8time\3.0.4.RELEASE\thymeleaf-extras-java8time-3.0.4.RELEASE.jar;C:\Users\JUAN ESTEBAN\.m2\repository\org\springframework\boot\spring-boot-starter-web\2.7.5\spring-boot-starter-web-2.7.5.jar;C:\Users\JUAN ESTEBAN\.m2\repository\org\springframework\boot\spring-boot-starter-json\2.7.5\spring-boot-starter-json-2.7.5.jar;C:\Users\JUAN ESTEBAN\.m2\repository\com\fasterxml\jackson\core\jackson-databind\2.13.4.2\jackson-databind-2.13.4.2.jar;C:\Users\JUAN ESTEBAN\.m2\repository\com\fasterxml\jackson\core\jackson-annotations\2.13.4\jackson-annotations-2.13.4.jar;C:\Users\JUAN ESTEBAN\.m2\repository\com\fasterxml\jackson\core\jackson-core\2.13.4\jackson-core-2.13.4.jar;C:\Users\JUAN ESTEBAN\.m2\repository\com\fasterxml\jackson\datatype\jackson-datatype-jdk8\2.13.4\jackson-datatype-jdk8-2.13.4.jar;C:\Users\JUAN ESTEBAN\.m2\repository\com\fasterxml\jackson\datatype\jackson-datatype-jsr310\2.13.4\jackson-datatype-jsr310-2.13.4.jar;C:\Users\JUAN ESTEBAN\.m2\repository\com\fasterxml\jackson\module\jackson-module-parameter-names\2.13.4\jackson-module-parameter-names-2.13.4.jar;C:\Users\JUAN ESTEBAN\.m2\repository\org\springframework\boot\spring-boot-starter-tomcat\2.7.5\spring-boot-starter-tomcat-2.7.5.jar;C:\Users\JUAN ESTEBAN\.m2\repository\org\apache\tomcat\embed\tomcat-embed-core\9.0.68\tomcat-embed-core-9.0.68.jar;C:\Users\JUAN ESTEBAN\.m2\repository\org\apache\tomcat\embed\tomcat-embed-el\9.0.68\tomcat-embed-el-9.0.68.jar;C:\Users\JUAN ESTEBAN\.m2\repository\org\apache\tomcat\embed\tomcat-embed-websocket\9.0.68\tomcat-embed-websocket-9.0.68.jar;C:\Users\JUAN ESTEBAN\.m2\repository\org\springframework\spring-web\5.3.23\spring-web-5.3.23.jar;C:\Users\JUAN ESTEBAN\.m2\repository\org\springframework\spring-webmvc\5.3.23\spring-webmvc-5.3.23.jar;C:\Users\JUAN ESTEBAN\.m2\repository\org\springframework\spring-expression\5.3.23\spring-expression-5.3.23.jar;C:\Users\JUAN ESTEBAN\.m2\repository\org\springframework\boot\spring-boot-devtools\2.7.5\spring-boot-devtools-2.7.5.jar;C:\Users\JUAN ESTEBAN\.m2\repository\org\springframework\boot\spring-boot\2.7.5\spring-boot-2.7.5.jar;C:\Users\JUAN ESTEBAN\.m2\repository\org\springframework\boot\spring-boot-autoconfigure\2.7.5\spring-boot-autoconfigure-2.7.5.jar;C:\Users\JUAN ESTEBAN\.m2\repository\com\mysql\mysql-connector-j\8.0.31\mysql-connector-j-8.0.31.jar;C:\Users\JUAN ESTEBAN\.m2\repository\org\projectlombok\lombok\1.18.24\lombok-1.18.24.jar;C:\Users\JUAN ESTEBAN\.m2\repository\jakarta\xml\bind\jakarta.xml.bind-api\2.3.3\jakarta.xml.bind-api-2.3.3.jar;C:\Users\JUAN ESTEBAN\.m2\repository\jakarta\activation\jakarta.activation-api\1.2.2\jakarta.activation-api-1.2.2.jar;C:\Users\JUAN ESTEBAN\.m2\repository\org\springframework\spring-core\5.3.23\spring-core-5.3.23.jar;C:\Users\JUAN ESTEBAN\.m2\repository\org\springframework\spring-jcl\5.3.23\spring-jcl-5.3.23.jar;C:\Users\JUAN ESTEBAN\.m2\repository\org\jetbrains\annotations\24.0.1\annotations-24.0.1.jar
Launcher Type: SUN_STANDARD

[Global flags]
     intx CICompilerCount                          = 4                                         {product} {ergonomic}
     uint ConcGCThreads                            = 2                                         {product} {ergonomic}
     uint G1ConcRefinementThreads                  = 8                                         {product} {ergonomic}
   size_t G1HeapRegionSize                         = 1048576                                   {product} {ergonomic}
    uintx GCDrainStackTargetSize                   = 64                                        {product} {ergonomic}
   size_t InitialHeapSize                          = 132120576                                 {product} {ergonomic}
   size_t MarkStackSize                            = 4194304                                   {product} {ergonomic}
   size_t MaxHeapSize                              = 2107637760                                {product} {ergonomic}
   size_t MaxNewSize                               = 1264582656                                {product} {ergonomic}
   size_t MinHeapDeltaBytes                        = 1048576                                   {product} {ergonomic}
   size_t MinHeapSize                              = 8388608                                   {product} {ergonomic}
    uintx NonNMethodCodeHeapSize                   = 5839372                                {pd product} {ergonomic}
    uintx NonProfiledCodeHeapSize                  = 122909434                              {pd product} {ergonomic}
    uintx ProfiledCodeHeapSize                     = 122909434                              {pd product} {ergonomic}
    uintx ReservedCodeCacheSize                    = 251658240                              {pd product} {ergonomic}
     bool SegmentedCodeCache                       = true                                      {product} {ergonomic}
   size_t SoftMaxHeapSize                          = 2107637760                             {manageable} {ergonomic}
     bool UseCompressedClassPointers               = true                           {product lp64_product} {ergonomic}
     bool UseCompressedOops                        = true                           {product lp64_product} {ergonomic}
     bool UseG1GC                                  = true                                      {product} {ergonomic}
     bool UseLargePagesIndividualAllocation        = false                                  {pd product} {ergonomic}

Logging:
Log output configuration:
 #0: stdout all=warning uptime,level,tags foldmultilines=false
 #1: stderr all=off uptime,level,tags foldmultilines=false

Environment Variables:
PATH=C:\Program Files\Common Files\Oracle\Java\javapath;C:\Program Files (x86)\Common Files\Oracle\Java\javapath;C:\Program Files (x86)\Common Files\Intel\Shared Files\cpp\bin\Intel64;C:\windows\system32;C:\windows;C:\windows\System32\Wbem;C:\windows\System32\WindowsPowerShell\v1.0\;C:\windows\System32\OpenSSH\;C:\Program Files\NVIDIA Corporation\NVIDIA NvDLISR;C:\Program Files (x86)\Windows Kits\8.1\Windows Performance Toolkit\;D:\app\git\Git\cmd;C:\Users\JUAN ESTEBAN\AppData\Local\Microsoft\WindowsApps;C:\Users\JUAN ESTEBAN\AppData\Local\GitHubDesktop\bin
USERNAME=JUAN ESTEBAN
OS=Windows_NT
PROCESSOR_IDENTIFIER=Intel64 Family 6 Model 158 Stepping 10, GenuineIntel



---------------  S Y S T E M  ---------------

OS:
 Windows 10 , 64 bit Build 19041 (10.0.19041.2913)
OS uptime: 0 days 18:38 hours

CPU: total 8 (initial active 8) (4 cores per cpu, 2 threads per core) family 6 model 158 stepping 10 microcode 0xd6, cx8, cmov, fxsr, ht, mmx, 3dnowpref, sse, sse2, sse3, ssse3, sse4.1, sse4.2, popcnt, lzcnt, tsc, tscinvbit, avx, avx2, aes, erms, clmul, bmi1, bmi2, adx, fma, vzeroupper, clflush, clflushopt

Memory: 4k page, system-wide physical 8033M (751M free)
TotalPageFile size 12129M (AvailPageFile size 5M)
current process WorkingSet (physical memory assigned to process): 119M, peak: 120M
current process commit charge ("private bytes"): 251M, peak: 253M

vm_info: Java HotSpot(TM) 64-Bit Server VM (18.0.2+9-61) for windows-amd64 JRE (18.0.2+9-61), built on Jun  7 2022 13:09:01 by "mach5one" with MS VC++ 16.8 / 16.9 (VS2019)

END.
