#
# There is insufficient memory for the Java Runtime Environment to continue.
# Native memory allocation (malloc) failed to allocate 677776 bytes for Chunk::new
# Possible reasons:
#   The system is out of physical RAM or swap space
#   The process is running with CompressedOops enabled, and the Java Heap may be blocking the growth of the native heap
# Possible solutions:
#   Reduce memory load on the system
#   Increase physical memory or swap space
#   Check if swap backing store is full
#   Decrease Java heap size (-Xmx/-Xms)
#   Decrease number of Java threads
#   Decrease Java thread stack sizes (-Xss)
#   Set larger code cache with -XX:ReservedCodeCacheSize=
#   JVM is running with Unscaled Compressed Oops mode in which the Java heap is
#     placed in the first 4GB address space. The Java Heap base address is the
#     maximum limit for the native heap growth. Please use -XX:HeapBaseMinAddress
#     to set the Java Heap base and to place the Java Heap above 4GB virtual address.
# This output file may be truncated or incomplete.
#
#  Out of Memory Error (arena.cpp:184), pid=6948, tid=7624
#
# JRE version: Java(TM) SE Runtime Environment (18.0.2+9) (build 18.0.2+9-61)
# Java VM: Java HotSpot(TM) 64-Bit Server VM (18.0.2+9-61, mixed mode, sharing, tiered, compressed oops, compressed class ptrs, g1 gc, windows-amd64)
# No core dump will be written. Minidumps are not enabled by default on client versions of Windows
#

---------------  S U M M A R Y ------------

Command Line: -javaagent:D:\app\intelliji gr\IntelliJ IDEA Community Edition 2023.1.1\lib\idea_rt.jar=61150:D:\app\intelliji gr\IntelliJ IDEA Community Edition 2023.1.1\bin -Dfile.encoding=UTF-8 -Dsun.stdout.encoding=UTF-8 -Dsun.stderr.encoding=UTF-8 com.example.ApiVeterinaria.ApiVeterinariaApplication

Host: Intel(R) Core(TM) i5-9300H CPU @ 2.40GHz, 8 cores, 7G,  Windows 10 , 64 bit Build 19041 (10.0.19041.2913)
Time: Wed May 17 14:01:41 2023 Hora est. Pacífico, Sudamérica elapsed time: 3.229032 seconds (0d 0h 0m 3s)

---------------  T H R E A D  ---------------

Current thread (0x0000028d846a3410):  JavaThread "C2 CompilerThread1" daemon [_thread_in_native, id=7624, stack(0x000000f36a000000,0x000000f36a100000)]


Current CompileTask:
C2:   3229 2689   !   4       jdk.internal.loader.BuiltinClassLoader::loadClassOrNull (143 bytes)

Stack: [0x000000f36a000000,0x000000f36a100000]
Native frames: (J=compiled Java code, j=interpreted, Vv=VM code, C=native code)
V  [jvm.dll+0x6993ca]
V  [jvm.dll+0x7f481d]
V  [jvm.dll+0x7f612e]
V  [jvm.dll+0x7f67e3]
V  [jvm.dll+0x25cdaf]
V  [jvm.dll+0xb8c2f]
V  [jvm.dll+0xb8fa5]
V  [jvm.dll+0x2c7cbf]
V  [jvm.dll+0x5a0d8e]
V  [jvm.dll+0x2382e3]
V  [jvm.dll+0x231a94]
V  [jvm.dll+0x22f21b]
V  [jvm.dll+0x1ba01c]
V  [jvm.dll+0x23ec9a]
V  [jvm.dll+0x23cf85]
V  [jvm.dll+0x7a6e21]
V  [jvm.dll+0x7a125a]
V  [jvm.dll+0x698275]
C  [ucrtbase.dll+0x21bb2]
C  [KERNEL32.DLL+0x17614]
C  [ntdll.dll+0x526a1]


---------------  P R O C E S S  ---------------

Threads class SMR info:
_java_thread_list=0x0000028d85492170, length=16, elements={
0x0000028ddde656a0, 0x0000028dfbf3a500, 0x0000028dfbf3b070, 0x0000028dfbf548e0,
0x0000028dfbf55190, 0x0000028dfbf55a40, 0x0000028dfbf58580, 0x0000028dfbf63000,
0x0000028dfbf6ba40, 0x0000028dfbf6fb30, 0x0000028d84175130, 0x0000028d842544c0,
0x0000028d845285f0, 0x0000028d846a3410, 0x0000028d84c43330, 0x0000028d84c5d7c0
}

Java Threads: ( => current thread )
  0x0000028ddde656a0 JavaThread "main" [_thread_blocked, id=13632, stack(0x000000f368f00000,0x000000f369000000)]
  0x0000028dfbf3a500 JavaThread "Reference Handler" daemon [_thread_blocked, id=11172, stack(0x000000f369600000,0x000000f369700000)]
  0x0000028dfbf3b070 JavaThread "Finalizer" daemon [_thread_blocked, id=16400, stack(0x000000f369700000,0x000000f369800000)]
  0x0000028dfbf548e0 JavaThread "Signal Dispatcher" daemon [_thread_blocked, id=20408, stack(0x000000f369800000,0x000000f369900000)]
  0x0000028dfbf55190 JavaThread "Attach Listener" daemon [_thread_blocked, id=8700, stack(0x000000f369900000,0x000000f369a00000)]
  0x0000028dfbf55a40 JavaThread "Service Thread" daemon [_thread_blocked, id=10480, stack(0x000000f369a00000,0x000000f369b00000)]
  0x0000028dfbf58580 JavaThread "Monitor Deflation Thread" daemon [_thread_blocked, id=7296, stack(0x000000f369b00000,0x000000f369c00000)]
  0x0000028dfbf63000 JavaThread "C2 CompilerThread0" daemon [_thread_in_native, id=15192, stack(0x000000f369c00000,0x000000f369d00000)]
  0x0000028dfbf6ba40 JavaThread "C1 CompilerThread0" daemon [_thread_blocked, id=4048, stack(0x000000f369d00000,0x000000f369e00000)]
  0x0000028dfbf6fb30 JavaThread "Sweeper thread" daemon [_thread_blocked, id=15700, stack(0x000000f369e00000,0x000000f369f00000)]
  0x0000028d84175130 JavaThread "Common-Cleaner" daemon [_thread_blocked, id=17732, stack(0x000000f369f00000,0x000000f36a000000)]
  0x0000028d842544c0 JavaThread "Monitor Ctrl-Break" daemon [_thread_in_native, id=20200, stack(0x000000f36a100000,0x000000f36a200000)]
  0x0000028d845285f0 JavaThread "Notification Thread" daemon [_thread_blocked, id=18724, stack(0x000000f36a200000,0x000000f36a300000)]
=>0x0000028d846a3410 JavaThread "C2 CompilerThread1" daemon [_thread_in_native, id=7624, stack(0x000000f36a000000,0x000000f36a100000)]
  0x0000028d84c43330 JavaThread "Thread-0" [_thread_blocked, id=17388, stack(0x000000f36a400000,0x000000f36a500000)]
  0x0000028d84c5d7c0 JavaThread "restartedMain" [_thread_in_vm, id=14872, stack(0x000000f36a500000,0x000000f36a600000)]

Other Threads:
  0x0000028ddded94b0 VMThread "VM Thread" [stack: 0x000000f369500000,0x000000f369600000] [id=4416]
  0x0000028d8436d8f0 WatcherThread "VM Periodic Task Thread" [stack: 0x000000f36a300000,0x000000f36a400000] [id=3860]
  0x0000028dddec2990 WorkerThread "GC Thread#0" [stack: 0x000000f369000000,0x000000f369100000] [id=15900]
  0x0000028d84ca46b0 WorkerThread "GC Thread#1" [stack: 0x000000f36a600000,0x000000f36a700000] [id=17816]
  0x0000028d84ca4950 WorkerThread "GC Thread#2" [stack: 0x000000f36a700000,0x000000f36a800000] [id=8384]
  0x0000028d84cd2410 WorkerThread "GC Thread#3" [stack: 0x000000f36a800000,0x000000f36a900000] [id=8844]
  0x0000028d84cd26b0 WorkerThread "GC Thread#4" [stack: 0x000000f36a900000,0x000000f36aa00000] [id=19036]
  0x0000028d84ca2610 WorkerThread "GC Thread#5" [stack: 0x000000f36aa00000,0x000000f36ab00000] [id=19968]
  0x0000028d84cb6b80 WorkerThread "GC Thread#6" [stack: 0x000000f36ab00000,0x000000f36ac00000] [id=18016]
  0x0000028d84d09d00 WorkerThread "GC Thread#7" [stack: 0x000000f36ac00000,0x000000f36ad00000] [id=10568]
  0x0000028ddded2c40 ConcurrentGCThread "G1 Main Marker" [stack: 0x000000f369100000,0x000000f369200000] [id=2876]
  0x0000028ddbcde440 WorkerThread "G1 Conc#0" [stack: 0x000000f369200000,0x000000f369300000] [id=6068]
  0x0000028dddf1d730 ConcurrentGCThread "G1 Refine#0" [stack: 0x000000f369300000,0x000000f369400000] [id=17564]
  0x0000028d84251d10 ConcurrentGCThread "G1 Refine#1" [stack: 0x000000f36ad00000,0x000000f36ae00000] [id=6292]
  0x0000028dddf1df50 ConcurrentGCThread "G1 Service" [stack: 0x000000f369400000,0x000000f369500000] [id=20128]

Threads with active compile tasks:
C2 CompilerThread0     3307 2783       4       org.springframework.beans.factory.support.AbstractBeanFactory::isTypeMatch (607 bytes)
C2 CompilerThread1     3307 2689   !   4       jdk.internal.loader.BuiltinClassLoader::loadClassOrNull (143 bytes)

VM state: not at safepoint (normal execution)

VM Mutex/Monitor currently owned by a thread: None

Heap address: 0x0000000082600000, size: 2010 MB, Compressed Oops mode: 32-bit

CDS archive(s) mapped at: [0x0000000800000000-0x0000000800ba0000-0x0000000800ba0000), size 12189696, SharedBaseAddress: 0x0000000800000000, ArchiveRelocationMode: 0.
Compressed class space mapped at: 0x0000000800c00000-0x0000000840c00000, reserved size: 1073741824
Narrow klass base: 0x0000000800000000, Narrow klass shift: 0, Narrow klass range: 0x100000000

GC Precious Log:
 CardTable entry size: 512
 Card Set container configuration: InlinePtr #cards 5 size 8 Array Of Cards #cards 12 size 40 Howl #buckets 4 coarsen threshold 1843 Howl Bitmap #cards 512 size 80 coarsen threshold 460 Card regions per heap region 1 cards per card region 2048
 CPUs: 8 total, 8 available
 Memory: 8033M
 Large Page Support: Disabled
 NUMA Support: Disabled
 Compressed Oops: Enabled (32-bit)
 Heap Region Size: 1M
 Heap Min Capacity: 8M
 Heap Initial Capacity: 126M
 Heap Max Capacity: 2010M
 Pre-touch: Disabled
 Parallel Workers: 8
 Concurrent Workers: 2
 Concurrent Refinement Workers: 8
 Periodic GC: Disabled

Heap:
 garbage-first heap   total 129024K, used 51208K [0x0000000082600000, 0x0000000100000000)
  region size 1024K, 44 young (45056K), 2 survivors (2048K)
 Metaspace       used 18799K, committed 19008K, reserved 1114112K
  class space    used 2222K, committed 2304K, reserved 1048576K

Heap Regions: E=young(eden), S=young(survivor), O=old, HS=humongous(starts), HC=humongous(continues), CS=collection set, F=free, OA=open archive, CA=closed archive, TAMS=top-at-mark-start (previous, next)
|   0|0x0000000082600000, 0x0000000082700000, 0x0000000082700000|100%|HS|  |TAMS 0x0000000082600000, 0x0000000082600000| Complete 
|   1|0x0000000082700000, 0x0000000082800000, 0x0000000082800000|100%| O|  |TAMS 0x0000000082700000, 0x0000000082700000| Untracked 
|   2|0x0000000082800000, 0x0000000082900000, 0x0000000082900000|100%| O|  |TAMS 0x0000000082800000, 0x0000000082800000| Untracked 
|   3|0x0000000082900000, 0x0000000082a00000, 0x0000000082a00000|100%| O|  |TAMS 0x0000000082900000, 0x0000000082900000| Untracked 
|   4|0x0000000082a00000, 0x0000000082b00000, 0x0000000082b00000|100%| O|  |TAMS 0x0000000082a00000, 0x0000000082a00000| Untracked 
|   5|0x0000000082b00000, 0x0000000082c00000, 0x0000000082c00000|100%| O|  |TAMS 0x0000000082b00000, 0x0000000082b00000| Untracked 
|   6|0x0000000082c00000, 0x0000000082d00000, 0x0000000082d00000|100%| O|  |TAMS 0x0000000082c00000, 0x0000000082c00000| Untracked 
|   7|0x0000000082d00000, 0x0000000082d53600, 0x0000000082e00000| 32%| O|  |TAMS 0x0000000082d00000, 0x0000000082d00000| Untracked 
|   8|0x0000000082e00000, 0x0000000082e00000, 0x0000000082f00000|  0%| F|  |TAMS 0x0000000082e00000, 0x0000000082e00000| Untracked 
|   9|0x0000000082f00000, 0x0000000082f00000, 0x0000000083000000|  0%| F|  |TAMS 0x0000000082f00000, 0x0000000082f00000| Untracked 
|  10|0x0000000083000000, 0x0000000083000000, 0x0000000083100000|  0%| F|  |TAMS 0x0000000083000000, 0x0000000083000000| Untracked 
|  11|0x0000000083100000, 0x0000000083100000, 0x0000000083200000|  0%| F|  |TAMS 0x0000000083100000, 0x0000000083100000| Untracked 
|  12|0x0000000083200000, 0x0000000083200000, 0x0000000083300000|  0%| F|  |TAMS 0x0000000083200000, 0x0000000083200000| Untracked 
|  13|0x0000000083300000, 0x0000000083300000, 0x0000000083400000|  0%| F|  |TAMS 0x0000000083300000, 0x0000000083300000| Untracked 
|  14|0x0000000083400000, 0x0000000083400000, 0x0000000083500000|  0%| F|  |TAMS 0x0000000083400000, 0x0000000083400000| Untracked 
|  15|0x0000000083500000, 0x0000000083500000, 0x0000000083600000|  0%| F|  |TAMS 0x0000000083500000, 0x0000000083500000| Untracked 
|  16|0x0000000083600000, 0x0000000083600000, 0x0000000083700000|  0%| F|  |TAMS 0x0000000083600000, 0x0000000083600000| Untracked 
|  17|0x0000000083700000, 0x0000000083700000, 0x0000000083800000|  0%| F|  |TAMS 0x0000000083700000, 0x0000000083700000| Untracked 
|  18|0x0000000083800000, 0x0000000083800000, 0x0000000083900000|  0%| F|  |TAMS 0x0000000083800000, 0x0000000083800000| Untracked 
|  19|0x0000000083900000, 0x0000000083900000, 0x0000000083a00000|  0%| F|  |TAMS 0x0000000083900000, 0x0000000083900000| Untracked 
|  20|0x0000000083a00000, 0x0000000083a00000, 0x0000000083b00000|  0%| F|  |TAMS 0x0000000083a00000, 0x0000000083a00000| Untracked 
|  21|0x0000000083b00000, 0x0000000083b00000, 0x0000000083c00000|  0%| F|  |TAMS 0x0000000083b00000, 0x0000000083b00000| Untracked 
|  22|0x0000000083c00000, 0x0000000083c00000, 0x0000000083d00000|  0%| F|  |TAMS 0x0000000083c00000, 0x0000000083c00000| Untracked 
|  23|0x0000000083d00000, 0x0000000083d00000, 0x0000000083e00000|  0%| F|  |TAMS 0x0000000083d00000, 0x0000000083d00000| Untracked 
|  24|0x0000000083e00000, 0x0000000083e00000, 0x0000000083f00000|  0%| F|  |TAMS 0x0000000083e00000, 0x0000000083e00000| Untracked 
|  25|0x0000000083f00000, 0x0000000083f00000, 0x0000000084000000|  0%| F|  |TAMS 0x0000000083f00000, 0x0000000083f00000| Untracked 
|  26|0x0000000084000000, 0x0000000084000000, 0x0000000084100000|  0%| F|  |TAMS 0x0000000084000000, 0x0000000084000000| Untracked 
|  27|0x0000000084100000, 0x0000000084100000, 0x0000000084200000|  0%| F|  |TAMS 0x0000000084100000, 0x0000000084100000| Untracked 
|  28|0x0000000084200000, 0x0000000084200000, 0x0000000084300000|  0%| F|  |TAMS 0x0000000084200000, 0x0000000084200000| Untracked 
|  29|0x0000000084300000, 0x0000000084300000, 0x0000000084400000|  0%| F|  |TAMS 0x0000000084300000, 0x0000000084300000| Untracked 
|  30|0x0000000084400000, 0x0000000084400000, 0x0000000084500000|  0%| F|  |TAMS 0x0000000084400000, 0x0000000084400000| Untracked 
|  31|0x0000000084500000, 0x0000000084500000, 0x0000000084600000|  0%| F|  |TAMS 0x0000000084500000, 0x0000000084500000| Untracked 
|  32|0x0000000084600000, 0x0000000084600000, 0x0000000084700000|  0%| F|  |TAMS 0x0000000084600000, 0x0000000084600000| Untracked 
|  33|0x0000000084700000, 0x0000000084700000, 0x0000000084800000|  0%| F|  |TAMS 0x0000000084700000, 0x0000000084700000| Untracked 
|  34|0x0000000084800000, 0x0000000084800000, 0x0000000084900000|  0%| F|  |TAMS 0x0000000084800000, 0x0000000084800000| Untracked 
|  35|0x0000000084900000, 0x0000000084900000, 0x0000000084a00000|  0%| F|  |TAMS 0x0000000084900000, 0x0000000084900000| Untracked 
|  36|0x0000000084a00000, 0x0000000084a00000, 0x0000000084b00000|  0%| F|  |TAMS 0x0000000084a00000, 0x0000000084a00000| Untracked 
|  37|0x0000000084b00000, 0x0000000084b00000, 0x0000000084c00000|  0%| F|  |TAMS 0x0000000084b00000, 0x0000000084b00000| Untracked 
|  38|0x0000000084c00000, 0x0000000084c00000, 0x0000000084d00000|  0%| F|  |TAMS 0x0000000084c00000, 0x0000000084c00000| Untracked 
|  39|0x0000000084d00000, 0x0000000084d00000, 0x0000000084e00000|  0%| F|  |TAMS 0x0000000084d00000, 0x0000000084d00000| Untracked 
|  40|0x0000000084e00000, 0x0000000084e00000, 0x0000000084f00000|  0%| F|  |TAMS 0x0000000084e00000, 0x0000000084e00000| Untracked 
|  41|0x0000000084f00000, 0x0000000084f00000, 0x0000000085000000|  0%| F|  |TAMS 0x0000000084f00000, 0x0000000084f00000| Untracked 
|  42|0x0000000085000000, 0x0000000085000000, 0x0000000085100000|  0%| F|  |TAMS 0x0000000085000000, 0x0000000085000000| Untracked 
|  43|0x0000000085100000, 0x0000000085100000, 0x0000000085200000|  0%| F|  |TAMS 0x0000000085100000, 0x0000000085100000| Untracked 
|  44|0x0000000085200000, 0x0000000085200000, 0x0000000085300000|  0%| F|  |TAMS 0x0000000085200000, 0x0000000085200000| Untracked 
|  45|0x0000000085300000, 0x0000000085300000, 0x0000000085400000|  0%| F|  |TAMS 0x0000000085300000, 0x0000000085300000| Untracked 
|  46|0x0000000085400000, 0x0000000085400000, 0x0000000085500000|  0%| F|  |TAMS 0x0000000085400000, 0x0000000085400000| Untracked 
|  47|0x0000000085500000, 0x0000000085500000, 0x0000000085600000|  0%| F|  |TAMS 0x0000000085500000, 0x0000000085500000| Untracked 
|  48|0x0000000085600000, 0x0000000085600000, 0x0000000085700000|  0%| F|  |TAMS 0x0000000085600000, 0x0000000085600000| Untracked 
|  49|0x0000000085700000, 0x0000000085700000, 0x0000000085800000|  0%| F|  |TAMS 0x0000000085700000, 0x0000000085700000| Untracked 
|  50|0x0000000085800000, 0x0000000085800000, 0x0000000085900000|  0%| F|  |TAMS 0x0000000085800000, 0x0000000085800000| Untracked 
|  51|0x0000000085900000, 0x0000000085900000, 0x0000000085a00000|  0%| F|  |TAMS 0x0000000085900000, 0x0000000085900000| Untracked 
|  52|0x0000000085a00000, 0x0000000085a00000, 0x0000000085b00000|  0%| F|  |TAMS 0x0000000085a00000, 0x0000000085a00000| Untracked 
|  53|0x0000000085b00000, 0x0000000085b00000, 0x0000000085c00000|  0%| F|  |TAMS 0x0000000085b00000, 0x0000000085b00000| Untracked 
|  54|0x0000000085c00000, 0x0000000085c00000, 0x0000000085d00000|  0%| F|  |TAMS 0x0000000085c00000, 0x0000000085c00000| Untracked 
|  55|0x0000000085d00000, 0x0000000085d00000, 0x0000000085e00000|  0%| F|  |TAMS 0x0000000085d00000, 0x0000000085d00000| Untracked 
|  56|0x0000000085e00000, 0x0000000085e00000, 0x0000000085f00000|  0%| F|  |TAMS 0x0000000085e00000, 0x0000000085e00000| Untracked 
|  57|0x0000000085f00000, 0x0000000085f00000, 0x0000000086000000|  0%| F|  |TAMS 0x0000000085f00000, 0x0000000085f00000| Untracked 
|  58|0x0000000086000000, 0x0000000086000000, 0x0000000086100000|  0%| F|  |TAMS 0x0000000086000000, 0x0000000086000000| Untracked 
|  59|0x0000000086100000, 0x0000000086100000, 0x0000000086200000|  0%| F|  |TAMS 0x0000000086100000, 0x0000000086100000| Untracked 
|  60|0x0000000086200000, 0x0000000086200000, 0x0000000086300000|  0%| F|  |TAMS 0x0000000086200000, 0x0000000086200000| Untracked 
|  61|0x0000000086300000, 0x0000000086300000, 0x0000000086400000|  0%| F|  |TAMS 0x0000000086300000, 0x0000000086300000| Untracked 
|  62|0x0000000086400000, 0x0000000086400000, 0x0000000086500000|  0%| F|  |TAMS 0x0000000086400000, 0x0000000086400000| Untracked 
|  63|0x0000000086500000, 0x0000000086500000, 0x0000000086600000|  0%| F|  |TAMS 0x0000000086500000, 0x0000000086500000| Untracked 
|  64|0x0000000086600000, 0x0000000086600000, 0x0000000086700000|  0%| F|  |TAMS 0x0000000086600000, 0x0000000086600000| Untracked 
|  65|0x0000000086700000, 0x0000000086700000, 0x0000000086800000|  0%| F|  |TAMS 0x0000000086700000, 0x0000000086700000| Untracked 
|  66|0x0000000086800000, 0x0000000086800000, 0x0000000086900000|  0%| F|  |TAMS 0x0000000086800000, 0x0000000086800000| Untracked 
|  67|0x0000000086900000, 0x0000000086900000, 0x0000000086a00000|  0%| F|  |TAMS 0x0000000086900000, 0x0000000086900000| Untracked 
|  68|0x0000000086a00000, 0x0000000086a00000, 0x0000000086b00000|  0%| F|  |TAMS 0x0000000086a00000, 0x0000000086a00000| Untracked 
|  69|0x0000000086b00000, 0x0000000086b00000, 0x0000000086c00000|  0%| F|  |TAMS 0x0000000086b00000, 0x0000000086b00000| Untracked 
|  70|0x0000000086c00000, 0x0000000086c00000, 0x0000000086d00000|  0%| F|  |TAMS 0x0000000086c00000, 0x0000000086c00000| Untracked 
|  71|0x0000000086d00000, 0x0000000086d00000, 0x0000000086e00000|  0%| F|  |TAMS 0x0000000086d00000, 0x0000000086d00000| Untracked 
|  72|0x0000000086e00000, 0x0000000086e00000, 0x0000000086f00000|  0%| F|  |TAMS 0x0000000086e00000, 0x0000000086e00000| Untracked 
|  73|0x0000000086f00000, 0x0000000086f00000, 0x0000000087000000|  0%| F|  |TAMS 0x0000000086f00000, 0x0000000086f00000| Untracked 
|  74|0x0000000087000000, 0x0000000087000000, 0x0000000087100000|  0%| F|  |TAMS 0x0000000087000000, 0x0000000087000000| Untracked 
|  75|0x0000000087100000, 0x0000000087100000, 0x0000000087200000|  0%| F|  |TAMS 0x0000000087100000, 0x0000000087100000| Untracked 
|  76|0x0000000087200000, 0x0000000087200000, 0x0000000087300000|  0%| F|  |TAMS 0x0000000087200000, 0x0000000087200000| Untracked 
|  77|0x0000000087300000, 0x0000000087300000, 0x0000000087400000|  0%| F|  |TAMS 0x0000000087300000, 0x0000000087300000| Untracked 
|  78|0x0000000087400000, 0x0000000087400000, 0x0000000087500000|  0%| F|  |TAMS 0x0000000087400000, 0x0000000087400000| Untracked 
|  79|0x0000000087500000, 0x0000000087500000, 0x0000000087600000|  0%| F|  |TAMS 0x0000000087500000, 0x0000000087500000| Untracked 
|  80|0x0000000087600000, 0x0000000087600000, 0x0000000087700000|  0%| F|  |TAMS 0x0000000087600000, 0x0000000087600000| Untracked 
|  81|0x0000000087700000, 0x0000000087700000, 0x0000000087800000|  0%| F|  |TAMS 0x0000000087700000, 0x0000000087700000| Untracked 
|  82|0x0000000087800000, 0x00000000878e4108, 0x0000000087900000| 89%| E|  |TAMS 0x0000000087800000, 0x0000000087800000| Complete 
|  83|0x0000000087900000, 0x0000000087a00000, 0x0000000087a00000|100%| E|CS|TAMS 0x0000000087900000, 0x0000000087900000| Complete 
|  84|0x0000000087a00000, 0x0000000087b00000, 0x0000000087b00000|100%| E|CS|TAMS 0x0000000087a00000, 0x0000000087a00000| Complete 
|  85|0x0000000087b00000, 0x0000000087c00000, 0x0000000087c00000|100%| E|CS|TAMS 0x0000000087b00000, 0x0000000087b00000| Complete 
|  86|0x0000000087c00000, 0x0000000087d00000, 0x0000000087d00000|100%| E|CS|TAMS 0x0000000087c00000, 0x0000000087c00000| Complete 
|  87|0x0000000087d00000, 0x0000000087e00000, 0x0000000087e00000|100%| E|CS|TAMS 0x0000000087d00000, 0x0000000087d00000| Complete 
|  88|0x0000000087e00000, 0x0000000087f00000, 0x0000000087f00000|100%| E|CS|TAMS 0x0000000087e00000, 0x0000000087e00000| Complete 
|  89|0x0000000087f00000, 0x0000000088000000, 0x0000000088000000|100%| E|CS|TAMS 0x0000000087f00000, 0x0000000087f00000| Complete 
|  90|0x0000000088000000, 0x0000000088100000, 0x0000000088100000|100%| E|CS|TAMS 0x0000000088000000, 0x0000000088000000| Complete 
|  91|0x0000000088100000, 0x0000000088200000, 0x0000000088200000|100%| E|CS|TAMS 0x0000000088100000, 0x0000000088100000| Complete 
|  92|0x0000000088200000, 0x0000000088300000, 0x0000000088300000|100%| E|CS|TAMS 0x0000000088200000, 0x0000000088200000| Complete 
|  93|0x0000000088300000, 0x0000000088400000, 0x0000000088400000|100%| E|CS|TAMS 0x0000000088300000, 0x0000000088300000| Complete 
|  94|0x0000000088400000, 0x0000000088500000, 0x0000000088500000|100%| E|CS|TAMS 0x0000000088400000, 0x0000000088400000| Complete 
|  95|0x0000000088500000, 0x0000000088600000, 0x0000000088600000|100%| E|CS|TAMS 0x0000000088500000, 0x0000000088500000| Complete 
|  96|0x0000000088600000, 0x0000000088700000, 0x0000000088700000|100%| E|CS|TAMS 0x0000000088600000, 0x0000000088600000| Complete 
|  97|0x0000000088700000, 0x00000000887aeba0, 0x0000000088800000| 68%| S|CS|TAMS 0x0000000088700000, 0x0000000088700000| Complete 
|  98|0x0000000088800000, 0x0000000088900000, 0x0000000088900000|100%| S|CS|TAMS 0x0000000088800000, 0x0000000088800000| Complete 
|  99|0x0000000088900000, 0x0000000088a00000, 0x0000000088a00000|100%| E|CS|TAMS 0x0000000088900000, 0x0000000088900000| Complete 
| 100|0x0000000088a00000, 0x0000000088b00000, 0x0000000088b00000|100%| E|CS|TAMS 0x0000000088a00000, 0x0000000088a00000| Complete 
| 101|0x0000000088b00000, 0x0000000088c00000, 0x0000000088c00000|100%| E|CS|TAMS 0x0000000088b00000, 0x0000000088b00000| Complete 
| 102|0x0000000088c00000, 0x0000000088d00000, 0x0000000088d00000|100%| E|CS|TAMS 0x0000000088c00000, 0x0000000088c00000| Complete 
| 103|0x0000000088d00000, 0x0000000088e00000, 0x0000000088e00000|100%| E|CS|TAMS 0x0000000088d00000, 0x0000000088d00000| Complete 
| 104|0x0000000088e00000, 0x0000000088f00000, 0x0000000088f00000|100%| E|CS|TAMS 0x0000000088e00000, 0x0000000088e00000| Complete 
| 105|0x0000000088f00000, 0x0000000089000000, 0x0000000089000000|100%| E|CS|TAMS 0x0000000088f00000, 0x0000000088f00000| Complete 
| 106|0x0000000089000000, 0x0000000089100000, 0x0000000089100000|100%| E|CS|TAMS 0x0000000089000000, 0x0000000089000000| Complete 
| 107|0x0000000089100000, 0x0000000089200000, 0x0000000089200000|100%| E|CS|TAMS 0x0000000089100000, 0x0000000089100000| Complete 
| 108|0x0000000089200000, 0x0000000089300000, 0x0000000089300000|100%| E|CS|TAMS 0x0000000089200000, 0x0000000089200000| Complete 
| 109|0x0000000089300000, 0x0000000089400000, 0x0000000089400000|100%| E|CS|TAMS 0x0000000089300000, 0x0000000089300000| Complete 
| 110|0x0000000089400000, 0x0000000089500000, 0x0000000089500000|100%| E|CS|TAMS 0x0000000089400000, 0x0000000089400000| Complete 
| 111|0x0000000089500000, 0x0000000089600000, 0x0000000089600000|100%| E|CS|TAMS 0x0000000089500000, 0x0000000089500000| Complete 
| 112|0x0000000089600000, 0x0000000089700000, 0x0000000089700000|100%| E|CS|TAMS 0x0000000089600000, 0x0000000089600000| Complete 
| 113|0x0000000089700000, 0x0000000089800000, 0x0000000089800000|100%| E|CS|TAMS 0x0000000089700000, 0x0000000089700000| Complete 
| 114|0x0000000089800000, 0x0000000089900000, 0x0000000089900000|100%| E|CS|TAMS 0x0000000089800000, 0x0000000089800000| Complete 
| 115|0x0000000089900000, 0x0000000089a00000, 0x0000000089a00000|100%| E|CS|TAMS 0x0000000089900000, 0x0000000089900000| Complete 
| 116|0x0000000089a00000, 0x0000000089b00000, 0x0000000089b00000|100%| E|CS|TAMS 0x0000000089a00000, 0x0000000089a00000| Complete 
| 117|0x0000000089b00000, 0x0000000089c00000, 0x0000000089c00000|100%| E|CS|TAMS 0x0000000089b00000, 0x0000000089b00000| Complete 
| 118|0x0000000089c00000, 0x0000000089d00000, 0x0000000089d00000|100%| E|CS|TAMS 0x0000000089c00000, 0x0000000089c00000| Complete 
| 119|0x0000000089d00000, 0x0000000089e00000, 0x0000000089e00000|100%| E|CS|TAMS 0x0000000089d00000, 0x0000000089d00000| Complete 
| 120|0x0000000089e00000, 0x0000000089f00000, 0x0000000089f00000|100%| E|CS|TAMS 0x0000000089e00000, 0x0000000089e00000| Complete 
| 121|0x0000000089f00000, 0x000000008a000000, 0x000000008a000000|100%| E|CS|TAMS 0x0000000089f00000, 0x0000000089f00000| Complete 
| 122|0x000000008a000000, 0x000000008a100000, 0x000000008a100000|100%| E|CS|TAMS 0x000000008a000000, 0x000000008a000000| Complete 
| 123|0x000000008a100000, 0x000000008a200000, 0x000000008a200000|100%| E|CS|TAMS 0x000000008a100000, 0x000000008a100000| Complete 
| 124|0x000000008a200000, 0x000000008a300000, 0x000000008a300000|100%| E|CS|TAMS 0x000000008a200000, 0x000000008a200000| Complete 
| 125|0x000000008a300000, 0x000000008a400000, 0x000000008a400000|100%| E|CS|TAMS 0x000000008a300000, 0x000000008a300000| Complete 

Card table byte_map: [0x0000028df4eb0000,0x0000028df52a0000] _byte_map_base: 0x0000028df4a9d000

Marking Bits (Prev, Next): (CMBitMap*) 0x0000028ddbcdcf90, (CMBitMap*) 0x0000028ddbcdcfd0
 Prev Bits: [0x0000028df5690000, 0x0000028df75f8000)
 Next Bits: [0x0000028df7600000, 0x0000028df9568000)

Polling page: 0x0000028ddd620000

Metaspace:

Usage:
  Non-class:     16.24 MB used.
      Class:      2.18 MB used.
       Both:     18.42 MB used.

Virtual space:
  Non-class space:       64.00 MB reserved,      16.38 MB ( 26%) committed,  1 nodes.
      Class space:        1.00 GB reserved,       2.25 MB ( <1%) committed,  1 nodes.
             Both:        1.06 GB reserved,      18.62 MB (  2%) committed. 

Chunk freelists:
   Non-Class:  3.14 MB
       Class:  1.69 MB
        Both:  4.83 MB

MaxMetaspaceSize: unlimited
CompressedClassSpaceSize: 1.00 GB
Initial GC threshold: 21.00 MB
Current GC threshold: 21.00 MB
CDS: on
MetaspaceReclaimPolicy: balanced
 - commit_granule_bytes: 65536.
 - commit_granule_words: 8192.
 - virtual_space_node_default_size: 8388608.
 - enlarge_chunks_in_place: 1.
 - new_chunks_are_fully_committed: 0.
 - uncommit_free_chunks: 1.
 - use_allocation_guard: 0.


Internal statistics:

num_allocs_failed_limit: 0.
num_arena_births: 208.
num_arena_deaths: 0.
num_vsnodes_births: 2.
num_vsnodes_deaths: 0.
num_space_committed: 298.
num_space_uncommitted: 0.
num_chunks_returned_to_freelist: 0.
num_chunks_taken_from_freelist: 835.
num_chunk_merges: 0.
num_chunk_splits: 568.
num_chunks_enlarged: 467.
num_inconsistent_stats: 0.

CodeHeap 'non-profiled nmethods': size=120000Kb used=1118Kb max_used=1118Kb free=118881Kb
 bounds [0x0000028ded260000, 0x0000028ded4d0000, 0x0000028df4790000]
CodeHeap 'profiled nmethods': size=120000Kb used=5987Kb max_used=5987Kb free=114012Kb
 bounds [0x0000028de5d30000, 0x0000028de6310000, 0x0000028ded260000]
CodeHeap 'non-nmethods': size=5760Kb used=1190Kb max_used=1260Kb free=4569Kb
 bounds [0x0000028de5790000, 0x0000028de5a00000, 0x0000028de5d30000]
 total_blobs=3282 nmethods=2809 adapters=385
 compilation: enabled
              stopped_count=0, restarted_count=0
 full_count=0

Compilation events (20 events):
Event: 3.194 Thread 0x0000028dfbf6ba40 2746       3       org.springframework.core.annotation.TypeMappedAnnotations::scan (62 bytes)
Event: 3.195 Thread 0x0000028dfbf6ba40 nmethod 2746 0x0000028de62e5710 code [0x0000028de62e58e0, 0x0000028de62e5ce8]
Event: 3.195 Thread 0x0000028dfbf6ba40 2747       3       org.springframework.core.annotation.AnnotationsScanner::scan (18 bytes)
Event: 3.195 Thread 0x0000028dfbf6ba40 nmethod 2747 0x0000028de62e5e10 code [0x0000028de62e5fc0, 0x0000028de62e61b8]
Event: 3.200 Thread 0x0000028dfbf6ba40 2749   !   3       org.springframework.beans.factory.support.AbstractBeanFactory::doGetBean (832 bytes)
Event: 3.202 Thread 0x0000028dfbf63000 nmethod 2732 0x0000028ded36fc10 code [0x0000028ded36fe00, 0x0000028ded370590]
Event: 3.203 Thread 0x0000028dfbf63000 2748       4       java.lang.Class::cast (27 bytes)
Event: 3.205 Thread 0x0000028dfbf63000 nmethod 2748 0x0000028ded370d10 code [0x0000028ded370e80, 0x0000028ded370f98]
Event: 3.205 Thread 0x0000028dfbf63000 2755       4       org.springframework.beans.factory.support.AbstractBeanFactory::isFactoryBean (60 bytes)
Event: 3.215 Thread 0x0000028dfbf63000 nmethod 2755 0x0000028ded371090 code [0x0000028ded371220, 0x0000028ded3714e8]
Event: 3.216 Thread 0x0000028dfbf63000 2736       4       java.lang.invoke.Invokers$Holder::linkToTargetMethod (9 bytes)
Event: 3.218 Thread 0x0000028dfbf63000 nmethod 2736 0x0000028ded371690 code [0x0000028ded371820, 0x0000028ded3718f8]
Event: 3.219 Thread 0x0000028dfbf6ba40 nmethod 2749 0x0000028de62e6290 code [0x0000028de62e6e40, 0x0000028de62ee3d8]
Event: 3.219 Thread 0x0000028dfbf6ba40 2752       3       org.springframework.beans.factory.support.DefaultListableBeanFactory::containsBeanDefinition (17 bytes)
Event: 3.220 Thread 0x0000028dfbf6ba40 nmethod 2752 0x0000028de62f1c90 code [0x0000028de62f1e60, 0x0000028de62f21b8]
Event: 3.220 Thread 0x0000028dfbf6ba40 2750       3       org.springframework.beans.factory.support.DefaultSingletonBeanRegistry::getSingleton (7 bytes)
Event: 3.221 Thread 0x0000028dfbf6ba40 nmethod 2750 0x0000028de62f2310 code [0x0000028de62f24a0, 0x0000028de62f2668]
Event: 3.221 Thread 0x0000028dfbf6ba40 2753       3       java.lang.reflect.Executable::getDeclaredAnnotations (8 bytes)
Event: 3.222 Thread 0x0000028dfbf6ba40 nmethod 2753 0x0000028de62f2710 code [0x0000028de62f28e0, 0x0000028de62f2d28]
Event: 3.222 Thread 0x0000028dfbf6ba40 2751       3       org.springframework.beans.BeanMetadataAttributeAccessor::<init> (5 bytes)

GC Heap History (4 events):
Event: 1.253 GC heap before
{Heap before GC invocations=0 (full 0):
 garbage-first heap   total 129024K, used 23552K [0x0000000082600000, 0x0000000100000000)
  region size 1024K, 23 young (23552K), 0 survivors (0K)
 Metaspace       used 5615K, committed 5824K, reserved 1114112K
  class space    used 612K, committed 704K, reserved 1048576K
}
Event: 1.260 GC heap after
{Heap after GC invocations=1 (full 0):
 garbage-first heap   total 129024K, used 7363K [0x0000000082600000, 0x0000000100000000)
  region size 1024K, 3 young (3072K), 3 survivors (3072K)
 Metaspace       used 5615K, committed 5824K, reserved 1114112K
  class space    used 612K, committed 704K, reserved 1048576K
}
Event: 1.925 GC heap before
{Heap before GC invocations=1 (full 0):
 garbage-first heap   total 129024K, used 30915K [0x0000000082600000, 0x0000000100000000)
  region size 1024K, 27 young (27648K), 3 survivors (3072K)
 Metaspace       used 12113K, committed 12352K, reserved 1114112K
  class space    used 1399K, committed 1536K, reserved 1048576K
}
Event: 1.931 GC heap after
{Heap after GC invocations=2 (full 0):
 garbage-first heap   total 129024K, used 9224K [0x0000000082600000, 0x0000000100000000)
  region size 1024K, 2 young (2048K), 2 survivors (2048K)
 Metaspace       used 12113K, committed 12352K, reserved 1114112K
  class space    used 1399K, committed 1536K, reserved 1048576K
}

Deoptimization events (20 events):
Event: 2.825 Thread 0x0000028d84c5d7c0 Uncommon trap: trap_request=0xffffffde fr.pc=0x0000028ded26bf28 relative=0x00000000000001a8
Event: 2.825 Thread 0x0000028d84c5d7c0 Uncommon trap: reason=class_check action=maybe_recompile pc=0x0000028ded26bf28 method=java.lang.String.equals(Ljava/lang/Object;)Z @ 8 c2
Event: 2.825 Thread 0x0000028d84c5d7c0 DEOPT PACKING pc=0x0000028ded26bf28 sp=0x000000f36a5fe660
Event: 2.825 Thread 0x0000028d84c5d7c0 DEOPT UNPACKING pc=0x0000028de57e23a3 sp=0x000000f36a5fe5f8 mode 2
Event: 2.825 Thread 0x0000028d84c5d7c0 Uncommon trap: trap_request=0xffffffde fr.pc=0x0000028ded26bf28 relative=0x00000000000001a8
Event: 2.825 Thread 0x0000028d84c5d7c0 Uncommon trap: reason=class_check action=maybe_recompile pc=0x0000028ded26bf28 method=java.lang.String.equals(Ljava/lang/Object;)Z @ 8 c2
Event: 2.825 Thread 0x0000028d84c5d7c0 DEOPT PACKING pc=0x0000028ded26bf28 sp=0x000000f36a5fe660
Event: 2.825 Thread 0x0000028d84c5d7c0 DEOPT UNPACKING pc=0x0000028de57e23a3 sp=0x000000f36a5fe5f8 mode 2
Event: 2.826 Thread 0x0000028d84c5d7c0 Uncommon trap: trap_request=0xffffffde fr.pc=0x0000028ded351608 relative=0x00000000000001e8
Event: 2.826 Thread 0x0000028d84c5d7c0 Uncommon trap: reason=class_check action=maybe_recompile pc=0x0000028ded351608 method=java.lang.String.equals(Ljava/lang/Object;)Z @ 8 c2
Event: 2.826 Thread 0x0000028d84c5d7c0 DEOPT PACKING pc=0x0000028ded351608 sp=0x000000f36a5fe360
Event: 2.826 Thread 0x0000028d84c5d7c0 DEOPT UNPACKING pc=0x0000028de57e23a3 sp=0x000000f36a5fe288 mode 2
Event: 2.826 Thread 0x0000028d84c5d7c0 Uncommon trap: trap_request=0xffffffde fr.pc=0x0000028ded26bf28 relative=0x00000000000001a8
Event: 2.826 Thread 0x0000028d84c5d7c0 Uncommon trap: reason=class_check action=maybe_recompile pc=0x0000028ded26bf28 method=java.lang.String.equals(Ljava/lang/Object;)Z @ 8 c2
Event: 2.826 Thread 0x0000028d84c5d7c0 DEOPT PACKING pc=0x0000028ded26bf28 sp=0x000000f36a5fe2d0
Event: 2.826 Thread 0x0000028d84c5d7c0 DEOPT UNPACKING pc=0x0000028de57e23a3 sp=0x000000f36a5fe278 mode 2
Event: 2.945 Thread 0x0000028d84c5d7c0 Uncommon trap: trap_request=0xffffff45 fr.pc=0x0000028ded2eafb4 relative=0x0000000000000114
Event: 2.945 Thread 0x0000028d84c5d7c0 Uncommon trap: reason=unstable_if action=reinterpret pc=0x0000028ded2eafb4 method=java.util.Arrays.equals([Ljava/lang/Object;[Ljava/lang/Object;)Z @ 44 c2
Event: 2.945 Thread 0x0000028d84c5d7c0 DEOPT PACKING pc=0x0000028ded2eafb4 sp=0x000000f36a5fdca0
Event: 2.945 Thread 0x0000028d84c5d7c0 DEOPT UNPACKING pc=0x0000028de57e23a3 sp=0x000000f36a5fdc40 mode 2

Classes loaded (20 events):
Event: 2.085 Loading class java/util/regex/Pattern$LazyLoop
Event: 2.085 Loading class java/util/regex/Pattern$Loop
Event: 2.085 Loading class java/util/regex/Pattern$Loop done
Event: 2.085 Loading class java/util/regex/Pattern$LazyLoop done
Event: 2.085 Loading class java/util/regex/Pattern$Prolog
Event: 2.085 Loading class java/util/regex/Pattern$Prolog done
Event: 2.097 Loading class java/lang/AssertionError
Event: 2.097 Loading class java/lang/AssertionError done
Event: 2.284 Loading class javax/naming/ldap/LdapContext
Event: 2.284 Loading class javax/naming/directory/DirContext
Event: 2.284 Loading class javax/naming/directory/DirContext done
Event: 2.284 Loading class javax/naming/ldap/LdapContext done
Event: 2.418 Loading class java/lang/Deprecated
Event: 2.418 Loading class java/lang/Deprecated done
Event: 2.662 Loading class java/nio/charset/CharacterCodingException
Event: 2.662 Loading class java/nio/charset/CharacterCodingException done
Event: 3.137 Loading class java/lang/UnsupportedClassVersionError
Event: 3.137 Loading class java/lang/ClassFormatError
Event: 3.137 Loading class java/lang/ClassFormatError done
Event: 3.137 Loading class java/lang/UnsupportedClassVersionError done

Classes unloaded (0 events):
No events

Classes redefined (0 events):
No events

Internal exceptions (20 events):
Event: 2.042 Thread 0x0000028d84c5d7c0 Exception <a 'java/lang/ClassNotFoundException'{0x0000000089c0a968}: org/springframework/beans/factory/config/BeanFactoryPostProcessorCustomizer> (0x0000000089c0a968) 
thrown [s\open\src\hotspot\share\classfile\systemDictionary.cpp, line 255]
Event: 2.042 Thread 0x0000028d84c5d7c0 Exception <a 'java/lang/ClassNotFoundException'{0x0000000089c0f410}: org/springframework/core/PriorityOrderedCustomizer> (0x0000000089c0f410) 
thrown [s\open\src\hotspot\share\classfile\systemDictionary.cpp, line 255]
Event: 2.043 Thread 0x0000028d84c5d7c0 Exception <a 'java/lang/ClassNotFoundException'{0x0000000089c12af8}: org/springframework/core/OrderedCustomizer> (0x0000000089c12af8) 
thrown [s\open\src\hotspot\share\classfile\systemDictionary.cpp, line 255]
Event: 2.044 Thread 0x0000028d84c5d7c0 Exception <a 'java/lang/ClassNotFoundException'{0x0000000089c17448}: org/springframework/context/ResourceLoaderAwareCustomizer> (0x0000000089c17448) 
thrown [s\open\src\hotspot\share\classfile\systemDictionary.cpp, line 255]
Event: 2.044 Thread 0x0000028d84c5d7c0 Exception <a 'java/lang/ClassNotFoundException'{0x0000000089c1bed0}: org/springframework/beans/factory/AwareCustomizer> (0x0000000089c1bed0) 
thrown [s\open\src\hotspot\share\classfile\systemDictionary.cpp, line 255]
Event: 2.045 Thread 0x0000028d84c5d7c0 Exception <a 'java/lang/ClassNotFoundException'{0x0000000089c1f970}: org/springframework/context/ApplicationStartupAwareCustomizer> (0x0000000089c1f970) 
thrown [s\open\src\hotspot\share\classfile\systemDictionary.cpp, line 255]
Event: 2.045 Thread 0x0000028d84c5d7c0 Exception <a 'java/lang/ClassNotFoundException'{0x0000000089c24680}: org/springframework/beans/factory/AwareCustomizer> (0x0000000089c24680) 
thrown [s\open\src\hotspot\share\classfile\systemDictionary.cpp, line 255]
Event: 2.046 Thread 0x0000028d84c5d7c0 Exception <a 'java/lang/ClassNotFoundException'{0x0000000089c28158}: org/springframework/beans/factory/BeanClassLoaderAwareCustomizer> (0x0000000089c28158) 
thrown [s\open\src\hotspot\share\classfile\systemDictionary.cpp, line 255]
Event: 2.046 Thread 0x0000028d84c5d7c0 Exception <a 'java/lang/ClassNotFoundException'{0x0000000089c2cbc8}: org/springframework/beans/factory/AwareCustomizer> (0x0000000089c2cbc8) 
thrown [s\open\src\hotspot\share\classfile\systemDictionary.cpp, line 255]
Event: 2.047 Thread 0x0000028d84c5d7c0 Exception <a 'java/lang/ClassNotFoundException'{0x0000000089c303f0}: org/springframework/context/EnvironmentAwareCustomizer> (0x0000000089c303f0) 
thrown [s\open\src\hotspot\share\classfile\systemDictionary.cpp, line 255]
Event: 2.047 Thread 0x0000028d84c5d7c0 Exception <a 'java/lang/ClassNotFoundException'{0x0000000089c34df8}: org/springframework/beans/factory/AwareCustomizer> (0x0000000089c34df8) 
thrown [s\open\src\hotspot\share\classfile\systemDictionary.cpp, line 255]
Event: 2.076 Thread 0x0000028d84f3c840 Exception <a 'java/lang/NoSuchMethodError'{0x0000000089a4ca38}: 'long java.lang.invoke.DirectMethodHandle$Holder.invokeSpecial(java.lang.Object, java.lang.Object)'> (0x0000000089a4ca38) 
thrown [s\open\src\hotspot\share\interpreter\linkResolver.cpp, line 759]
Event: 2.078 Thread 0x0000028d84f3c840 Exception <a 'java/lang/NoSuchMethodError'{0x0000000089aab260}: 'long java.lang.invoke.DirectMethodHandle$Holder.invokeStatic(java.lang.Object, java.lang.Object)'> (0x0000000089aab260) 
thrown [s\open\src\hotspot\share\interpreter\linkResolver.cpp, line 759]
Event: 2.078 Thread 0x0000028d84f3c840 Exception <a 'java/lang/NoSuchMethodError'{0x0000000089aae858}: 'long java.lang.invoke.DirectMethodHandle$Holder.invokeStaticInit(java.lang.Object, java.lang.Object)'> (0x0000000089aae858) 
thrown [s\open\src\hotspot\share\interpreter\linkResolver.cpp, line 759]
Event: 2.079 Thread 0x0000028d84c5d7c0 Exception <a 'java/lang/NoSuchMethodError'{0x0000000089a7e078}: 'java.lang.Object java.lang.invoke.DirectMethodHandle$Holder.invokeVirtual(java.lang.Object, java.lang.Object, java.lang.Object)'> (0x0000000089a7e078) 
thrown [s\open\src\hotspot\share\interpreter\linkResolver.cpp, line 759]
Event: 2.080 Thread 0x0000028d84f3c840 Exception <a 'java/lang/NoSuchMethodError'{0x0000000089abc9c0}: 'long java.lang.invoke.DirectMethodHandle$Holder.invokeInterface(java.lang.Object, java.lang.Object)'> (0x0000000089abc9c0) 
thrown [s\open\src\hotspot\share\interpreter\linkResolver.cpp, line 759]
Event: 2.080 Thread 0x0000028d84f3c840 Exception <a 'java/lang/IncompatibleClassChangeError'{0x0000000089abff48}: Found class java.lang.Object, but interface was expected> (0x0000000089abff48) 
thrown [s\open\src\hotspot\share\interpreter\linkResolver.cpp, line 826]
Event: 2.094 Thread 0x0000028d84f3c840 Exception <a 'java/lang/NoSuchMethodError'{0x000000008997fb18}: 'java.lang.Object java.lang.invoke.DirectMethodHandle$Holder.invokeVirtual(java.lang.Object, java.lang.Object, java.lang.Object, java.lang.Object)'> (0x000000008997fb18) 
thrown [s\open\src\hotspot\share\interpreter\linkResolver.cpp, line 759]
Event: 2.370 Thread 0x0000028d84c5d7c0 Exception <a 'java/lang/IncompatibleClassChangeError'{0x000000008924e1f0}: Found class java.lang.Object, but interface was expected> (0x000000008924e1f0) 
thrown [s\open\src\hotspot\share\interpreter\linkResolver.cpp, line 826]
Event: 2.431 Thread 0x0000028d84c5d7c0 Exception <a 'java/lang/NoSuchMethodError'{0x00000000891c5560}: 'void java.lang.invoke.DirectMethodHandle$Holder.invokeInterface(java.lang.Object, java.lang.Object, java.lang.Object, java.lang.Object)'> (0x00000000891c5560) 
thrown [s\open\src\hotspot\share\interpreter\linkResolver.cpp, line 759]

VM Operations (20 events):
Event: 1.734 Executing VM operation: HandshakeAllThreads
Event: 1.734 Executing VM operation: HandshakeAllThreads done
Event: 1.734 Executing VM operation: HandshakeAllThreads
Event: 1.734 Executing VM operation: HandshakeAllThreads done
Event: 1.844 Executing VM operation: ICBufferFull
Event: 1.845 Executing VM operation: ICBufferFull done
Event: 1.925 Executing VM operation: G1CollectForAllocation
Event: 1.931 Executing VM operation: G1CollectForAllocation done
Event: 1.985 Executing VM operation: HandshakeAllThreads
Event: 1.985 Executing VM operation: HandshakeAllThreads done
Event: 2.031 Executing VM operation: HandshakeAllThreads
Event: 2.031 Executing VM operation: HandshakeAllThreads done
Event: 2.066 Executing VM operation: HandshakeAllThreads
Event: 2.066 Executing VM operation: HandshakeAllThreads done
Event: 2.602 Executing VM operation: ICBufferFull
Event: 2.603 Executing VM operation: ICBufferFull done
Event: 2.831 Executing VM operation: HandshakeAllThreads
Event: 2.831 Executing VM operation: HandshakeAllThreads done
Event: 2.979 Executing VM operation: ICBufferFull
Event: 2.979 Executing VM operation: ICBufferFull done

Events (20 events):
Event: 0.263 Loaded shared library C:\Program Files\Java\jdk-18.0.2\bin\instrument.dll
Event: 0.272 Loaded shared library C:\Program Files\Java\jdk-18.0.2\bin\net.dll
Event: 0.274 Loaded shared library C:\Program Files\Java\jdk-18.0.2\bin\nio.dll
Event: 0.278 Loaded shared library C:\Program Files\Java\jdk-18.0.2\bin\zip.dll
Event: 0.325 Thread 0x0000028d8431c0c0 Thread added: 0x0000028d8431c0c0
Event: 0.550 Loaded shared library D:\app\intelliji gr\IntelliJ IDEA Community Edition 2023.1.1\bin\breakgen64.dll
Event: 0.551 Thread 0x0000028d842544c0 Thread added: 0x0000028d842544c0
Event: 0.551 Thread 0x0000028d845285f0 Thread added: 0x0000028d845285f0
Event: 0.553 Thread 0x0000028d8431c0c0 Thread exited: 0x0000028d8431c0c0
Event: 0.621 Loaded shared library C:\Program Files\Java\jdk-18.0.2\bin\verify.dll
Event: 0.629 Loaded shared library C:\Program Files\Java\jdk-18.0.2\bin\jimage.dll
Event: 0.807 Thread 0x0000028d846a3410 Thread added: 0x0000028d846a3410
Event: 1.073 Loaded shared library C:\Program Files\Java\jdk-18.0.2\bin\management.dll
Event: 1.075 Loaded shared library C:\Program Files\Java\jdk-18.0.2\bin\management_ext.dll
Event: 1.141 Thread 0x0000028d84c43330 Thread added: 0x0000028d84c43330
Event: 1.149 Thread 0x0000028d84c5d7c0 Thread added: 0x0000028d84c5d7c0
Event: 1.717 Thread 0x0000028d84f3c840 Thread added: 0x0000028d84f3c840
Event: 2.099 Thread 0x0000028d84f3c840 Thread exited: 0x0000028d84f3c840
Event: 2.237 Thread 0x0000028d855a89d0 Thread added: 0x0000028d855a89d0
Event: 2.357 Thread 0x0000028d855a89d0 Thread exited: 0x0000028d855a89d0


Dynamic libraries:
0x00007ff799560000 - 0x00007ff799570000 	C:\Program Files\Java\jdk-18.0.2\bin\java.exe
0x00007ffc11990000 - 0x00007ffc11b88000 	C:\windows\SYSTEM32\ntdll.dll
0x00007ffc0fe00000 - 0x00007ffc0febf000 	C:\windows\System32\KERNEL32.DLL
0x00007ffc0f490000 - 0x00007ffc0f786000 	C:\windows\System32\KERNELBASE.dll
0x00007ffc0f070000 - 0x00007ffc0f170000 	C:\windows\System32\ucrtbase.dll
0x00007ffc091e0000 - 0x00007ffc091fa000 	C:\Program Files\Java\jdk-18.0.2\bin\VCRUNTIME140.dll
0x00007ffc09040000 - 0x00007ffc09058000 	C:\Program Files\Java\jdk-18.0.2\bin\jli.dll
0x00007ffc10f80000 - 0x00007ffc1102f000 	C:\windows\System32\ADVAPI32.dll
0x00007ffc10520000 - 0x00007ffc105be000 	C:\windows\System32\msvcrt.dll
0x00007ffc0ffb0000 - 0x00007ffc1004c000 	C:\windows\System32\sechost.dll
0x00007ffc10db0000 - 0x00007ffc10ed6000 	C:\windows\System32\RPCRT4.dll
0x00007ffc11030000 - 0x00007ffc111cd000 	C:\windows\System32\USER32.dll
0x00007ffc0f970000 - 0x00007ffc0f992000 	C:\windows\System32\win32u.dll
0x00007ffc0fec0000 - 0x00007ffc0feec000 	C:\windows\System32\GDI32.dll
0x00007ffbf5c90000 - 0x00007ffbf5f2a000 	C:\windows\WinSxS\amd64_microsoft.windows.common-controls_6595b64144ccf1df_6.0.19041.1110_none_60b5254171f9507e\COMCTL32.dll
0x00007ffc0f370000 - 0x00007ffc0f485000 	C:\windows\System32\gdi32full.dll
0x00007ffc0f2d0000 - 0x00007ffc0f36d000 	C:\windows\System32\msvcp_win.dll
0x00007ffc08f80000 - 0x00007ffc08f8a000 	C:\windows\SYSTEM32\VERSION.dll
0x00007ffc117d0000 - 0x00007ffc11800000 	C:\windows\System32\IMM32.DLL
0x00007ffc07f50000 - 0x00007ffc07f5c000 	C:\Program Files\Java\jdk-18.0.2\bin\vcruntime140_1.dll
0x00007ffbf64d0000 - 0x00007ffbf655d000 	C:\Program Files\Java\jdk-18.0.2\bin\msvcp140.dll
0x00007ffbbcdd0000 - 0x00007ffbbd9e1000 	C:\Program Files\Java\jdk-18.0.2\bin\server\jvm.dll
0x00007ffc10650000 - 0x00007ffc10658000 	C:\windows\System32\PSAPI.DLL
0x00007ffbf4620000 - 0x00007ffbf4647000 	C:\windows\SYSTEM32\WINMM.dll
0x00007ffc09c20000 - 0x00007ffc09c29000 	C:\windows\SYSTEM32\WSOCK32.dll
0x00007ffc11570000 - 0x00007ffc115db000 	C:\windows\System32\WS2_32.dll
0x00007ffc0d8c0000 - 0x00007ffc0d8d2000 	C:\windows\SYSTEM32\kernel.appcore.dll
0x00007ffc07f40000 - 0x00007ffc07f4a000 	C:\Program Files\Java\jdk-18.0.2\bin\jimage.dll
0x00007ffc0ce30000 - 0x00007ffc0d014000 	C:\windows\SYSTEM32\DBGHELP.DLL
0x00007ffbeefa0000 - 0x00007ffbeefd4000 	C:\windows\SYSTEM32\dbgcore.DLL
0x00007ffc0f8b0000 - 0x00007ffc0f932000 	C:\windows\System32\bcryptPrimitives.dll
0x00007ffc0a9b0000 - 0x00007ffc0a9be000 	C:\Program Files\Java\jdk-18.0.2\bin\instrument.dll
0x00007ffbfa4c0000 - 0x00007ffbfa4e5000 	C:\Program Files\Java\jdk-18.0.2\bin\java.dll
0x00007ffbf6260000 - 0x00007ffbf6336000 	C:\Program Files\Java\jdk-18.0.2\bin\jsvml.dll
0x00007ffc10660000 - 0x00007ffc10da4000 	C:\windows\System32\SHELL32.dll
0x00007ffc0d110000 - 0x00007ffc0d8a3000 	C:\windows\SYSTEM32\windows.storage.dll
0x00007ffc0faa0000 - 0x00007ffc0fdf4000 	C:\windows\System32\combase.dll
0x00007ffc0ead0000 - 0x00007ffc0eafe000 	C:\windows\SYSTEM32\Wldp.dll
0x00007ffc115e0000 - 0x00007ffc1168d000 	C:\windows\System32\SHCORE.dll
0x00007ffc11770000 - 0x00007ffc117c5000 	C:\windows\System32\shlwapi.dll
0x00007ffc0efb0000 - 0x00007ffc0efcf000 	C:\windows\SYSTEM32\profapi.dll
0x00007ffbf6490000 - 0x00007ffbf64a8000 	C:\Program Files\Java\jdk-18.0.2\bin\zip.dll
0x00007ffbf9790000 - 0x00007ffbf97a3000 	C:\Program Files\Java\jdk-18.0.2\bin\net.dll
0x00007ffc06930000 - 0x00007ffc06a3a000 	C:\windows\SYSTEM32\WINHTTP.dll
0x00007ffc0e830000 - 0x00007ffc0e89a000 	C:\windows\system32\mswsock.dll
0x00007ffbf64b0000 - 0x00007ffbf64c6000 	C:\Program Files\Java\jdk-18.0.2\bin\nio.dll
0x00007ffbf85f0000 - 0x00007ffbf860a000 	D:\app\intelliji gr\IntelliJ IDEA Community Edition 2023.1.1\bin\breakgen64.dll
0x00007ffbf8bd0000 - 0x00007ffbf8be0000 	C:\Program Files\Java\jdk-18.0.2\bin\verify.dll
0x00007ffc09070000 - 0x00007ffc09079000 	C:\Program Files\Java\jdk-18.0.2\bin\management.dll
0x00007ffbfa5b0000 - 0x00007ffbfa5bb000 	C:\Program Files\Java\jdk-18.0.2\bin\management_ext.dll
0x00007ffbe45c0000 - 0x00007ffbe45d7000 	C:\windows\system32\napinsp.dll
0x00007ffbe4540000 - 0x00007ffbe455b000 	C:\windows\system32\pnrpnsp.dll
0x00007ffbe4520000 - 0x00007ffbe4535000 	C:\windows\system32\wshbth.dll
0x00007ffc0a980000 - 0x00007ffc0a99d000 	C:\windows\system32\NLAapi.dll
0x00007ffc0e4d0000 - 0x00007ffc0e50c000 	C:\windows\SYSTEM32\IPHLPAPI.DLL
0x00007ffc0e510000 - 0x00007ffc0e5db000 	C:\windows\SYSTEM32\DNSAPI.dll
0x00007ffc10ef0000 - 0x00007ffc10ef8000 	C:\windows\System32\NSI.dll
0x00007ffbe4500000 - 0x00007ffbe4512000 	C:\windows\System32\winrnr.dll
0x000000006ba10000 - 0x000000006ba36000 	C:\Program Files\Bonjour\mdnsNSP.dll
0x00007ffc068a0000 - 0x00007ffc068aa000 	C:\Windows\System32\rasadhlp.dll
0x00007ffc00d40000 - 0x00007ffc00dc2000 	C:\windows\System32\fwpuclnt.dll
0x00007ffc0f940000 - 0x00007ffc0f967000 	C:\windows\System32\bcrypt.dll

dbghelp: loaded successfully - version: 4.0.5 - missing functions: none
symbol engine: initialized successfully - sym options: 0x614 - pdb path: .;C:\Program Files\Java\jdk-18.0.2\bin;C:\windows\SYSTEM32;C:\windows\WinSxS\amd64_microsoft.windows.common-controls_6595b64144ccf1df_6.0.19041.1110_none_60b5254171f9507e;C:\Program Files\Java\jdk-18.0.2\bin\server;D:\app\intelliji gr\IntelliJ IDEA Community Edition 2023.1.1\bin;C:\Program Files\Bonjour

VM Arguments:
jvm_args: -javaagent:D:\app\intelliji gr\IntelliJ IDEA Community Edition 2023.1.1\lib\idea_rt.jar=61150:D:\app\intelliji gr\IntelliJ IDEA Community Edition 2023.1.1\bin -Dfile.encoding=UTF-8 -Dsun.stdout.encoding=UTF-8 -Dsun.stderr.encoding=UTF-8 
java_command: com.example.ApiVeterinaria.ApiVeterinariaApplication
java_class_path (initial): D:\netbeans proyect\programacion II\proyecto final\Proyecto final final\ApiVeterinariaFinal\target\classes;C:\Users\JUAN ESTEBAN\.m2\repository\org\springframework\boot\spring-boot-starter-data-jdbc\2.7.5\spring-boot-starter-data-jdbc-2.7.5.jar;C:\Users\JUAN ESTEBAN\.m2\repository\org\springframework\boot\spring-boot-starter-jdbc\2.7.5\spring-boot-starter-jdbc-2.7.5.jar;C:\Users\JUAN ESTEBAN\.m2\repository\com\zaxxer\HikariCP\4.0.3\HikariCP-4.0.3.jar;C:\Users\JUAN ESTEBAN\.m2\repository\org\springframework\spring-jdbc\5.3.23\spring-jdbc-5.3.23.jar;C:\Users\JUAN ESTEBAN\.m2\repository\org\springframework\data\spring-data-jdbc\2.4.5\spring-data-jdbc-2.4.5.jar;C:\Users\JUAN ESTEBAN\.m2\repository\org\springframework\data\spring-data-relational\2.4.5\spring-data-relational-2.4.5.jar;C:\Users\JUAN ESTEBAN\.m2\repository\org\springframework\data\spring-data-commons\2.7.5\spring-data-commons-2.7.5.jar;C:\Users\JUAN ESTEBAN\.m2\repository\org\springframework\spring-tx\5.3.23\spring-tx-5.3.23.jar;C:\Users\JUAN ESTEBAN\.m2\repository\org\springframework\spring-context\5.3.23\spring-context-5.3.23.jar;C:\Users\JUAN ESTEBAN\.m2\repository\org\springframework\spring-beans\5.3.23\spring-beans-5.3.23.jar;C:\Users\JUAN ESTEBAN\.m2\repository\org\slf4j\slf4j-api\1.7.36\slf4j-api-1.7.36.jar;C:\Users\JUAN ESTEBAN\.m2\repository\org\springframework\boot\spring-boot-starter-data-jpa\2.7.5\spring-boot-starter-data-jpa-2.7.5.jar;C:\Users\JUAN ESTEBAN\.m2\repository\org\springframework\boot\spring-boot-starter-aop\2.7.5\spring-boot-starter-aop-2.7.5.jar;C:\Users\JUAN ESTEBAN\.m2\repository\org\springframework\spring-aop\5.3.23\spring-aop-5.3.23.jar;C:\Users\JUAN ESTEBAN\.m2\repository\org\aspectj\aspectjweaver\1.9.7\aspectjweaver-1.9.7.jar;C:\Users\JUAN ESTEBAN\.m2\repository\jakarta\transaction\jakarta.transaction-api\1.3.3\jakarta.transaction-api-1.3.3.jar;C:\Users\JUAN ESTEBAN\.m2\repository\jakarta\persistence\jakarta.persistence-api\2.2.3\jakarta.persistence-api-2.2.3.jar;C:\Users\JUAN ESTEBAN\.m2\repository\org\hibernate\hibernate-core\5.6.12.Final\hibernate-core-5.6.12.Final.jar;C:\Users\JUAN ESTEBAN\.m2\repository\org\jboss\logging\jboss-logging\3.4.3.Final\jboss-logging-3.4.3.Final.jar;C:\Users\JUAN ESTEBAN\.m2\repository\net\bytebuddy\byte-buddy\1.12.18\byte-buddy-1.12.18.jar;C:\Users\JUAN ESTEBAN\.m2\repository\antlr\antlr\2.7.7\antlr-2.7.7.jar;C:\Users\JUAN ESTEBAN\.m2\repository\org\jboss\jandex\2.4.2.Final\jandex-2.4.2.Final.jar;C:\Users\JUAN ESTEBAN\.m2\repository\com\fasterxml\classmate\1.5.1\classmate-1.5.1.jar;C:\Users\JUAN ESTEBAN\.m2\repository\org\hibernate\common\hibernate-commons-annotations\5.1.2.Final\hibernate-commons-annotations-5.1.2.Final.jar;C:\Users\JUAN ESTEBAN\.m2\repository\org\glassfish\jaxb\jaxb-runtime\2.3.7\jaxb-runtime-2.3.7.jar;C:\Users\JUAN ESTEBAN\.m2\repository\org\glassfish\jaxb\txw2\2.3.7\txw2-2.3.7.jar;C:\Users\JUAN ESTEBAN\.m2\repository\com\sun\istack\istack-commons-runtime\3.0.12\istack-commons-runtime-3.0.12.jar;C:\Users\JUAN ESTEBAN\.m2\repository\com\sun\activation\jakarta.activation\1.2.2\jakarta.activation-1.2.2.jar;C:\Users\JUAN ESTEBAN\.m2\repository\org\springframework\data\spring-data-jpa\2.7.5\spring-data-jpa-2.7.5.jar;C:\Users\JUAN ESTEBAN\.m2\repository\org\springframework\spring-orm\5.3.23\spring-orm-5.3.23.jar;C:\Users\JUAN ESTEBAN\.m2\repository\org\springframework\spring-aspects\5.3.23\spring-aspects-5.3.23.jar;C:\Users\JUAN ESTEBAN\.m2\repository\org\springframework\boot\spring-boot-starter-thymeleaf\2.7.5\spring-boot-starter-thymeleaf-2.7.5.jar;C:\Users\JUAN ESTEBAN\.m2\repository\org\springframework\boot\spring-boot-starter\2.7.5\spring-boot-starter-2.7.5.jar;C:\Users\JUAN ESTEBAN\.m2\repository\org\springframework\boot\spring-boot-starter-logging\2.7.5\spring-boot-starter-logging-2.7.5.jar;C:\Users\JUAN ESTEBAN\.m2\repository\ch\qos\logback\logback-classic\1.2.11\logback-classic-1.2.11.jar;C:\Users\JUAN ESTEBAN\.m2\repository\ch\qos\logback\logback-core\1.2.11\logback-core-1.2.11.jar;C:\Users\JUAN ESTEBAN\.m2\repository\org\apache\logging\log4j\log4j-to-slf4j\2.17.2\log4j-to-slf4j-2.17.2.jar;C:\Users\JUAN ESTEBAN\.m2\repository\org\apache\logging\log4j\log4j-api\2.17.2\log4j-api-2.17.2.jar;C:\Users\JUAN ESTEBAN\.m2\repository\org\slf4j\jul-to-slf4j\1.7.36\jul-to-slf4j-1.7.36.jar;C:\Users\JUAN ESTEBAN\.m2\repository\jakarta\annotation\jakarta.annotation-api\1.3.5\jakarta.annotation-api-1.3.5.jar;C:\Users\JUAN ESTEBAN\.m2\repository\org\yaml\snakeyaml\1.30\snakeyaml-1.30.jar;C:\Users\JUAN ESTEBAN\.m2\repository\org\thymeleaf\thymeleaf-spring5\3.0.15.RELEASE\thymeleaf-spring5-3.0.15.RELEASE.jar;C:\Users\JUAN ESTEBAN\.m2\repository\org\thymeleaf\thymeleaf\3.0.15.RELEASE\thymeleaf-3.0.15.RELEASE.jar;C:\Users\JUAN ESTEBAN\.m2\repository\org\attoparser\attoparser\2.0.5.RELEASE\attoparser-2.0.5.RELEASE.jar;C:\Users\JUAN ESTEBAN\.m2\repository\org\unbescape\unbescape\1.1.6.RELEASE\unbescape-1.1.6.RELEASE.jar;C:\Users\JUAN ESTEBAN\.m2\repository\org\thymeleaf\extras\thymeleaf-extras-java8time\3.0.4.RELEASE\thymeleaf-extras-java8time-3.0.4.RELEASE.jar;C:\Users\JUAN ESTEBAN\.m2\repository\org\springframework\boot\spring-boot-starter-web\2.7.5\spring-boot-starter-web-2.7.5.jar;C:\Users\JUAN ESTEBAN\.m2\repository\org\springframework\boot\spring-boot-starter-json\2.7.5\spring-boot-starter-json-2.7.5.jar;C:\Users\JUAN ESTEBAN\.m2\repository\com\fasterxml\jackson\core\jackson-databind\2.13.4.2\jackson-databind-2.13.4.2.jar;C:\Users\JUAN ESTEBAN\.m2\repository\com\fasterxml\jackson\core\jackson-annotations\2.13.4\jackson-annotations-2.13.4.jar;C:\Users\JUAN ESTEBAN\.m2\repository\com\fasterxml\jackson\core\jackson-core\2.13.4\jackson-core-2.13.4.jar;C:\Users\JUAN ESTEBAN\.m2\repository\com\fasterxml\jackson\datatype\jackson-datatype-jdk8\2.13.4\jackson-datatype-jdk8-2.13.4.jar;C:\Users\JUAN ESTEBAN\.m2\repository\com\fasterxml\jackson\datatype\jackson-datatype-jsr310\2.13.4\jackson-datatype-jsr310-2.13.4.jar;C:\Users\JUAN ESTEBAN\.m2\repository\com\fasterxml\jackson\module\jackson-module-parameter-names\2.13.4\jackson-module-parameter-names-2.13.4.jar;C:\Users\JUAN ESTEBAN\.m2\repository\org\springframework\boot\spring-boot-starter-tomcat\2.7.5\spring-boot-starter-tomcat-2.7.5.jar;C:\Users\JUAN ESTEBAN\.m2\repository\org\apache\tomcat\embed\tomcat-embed-core\9.0.68\tomcat-embed-core-9.0.68.jar;C:\Users\JUAN ESTEBAN\.m2\repository\org\apache\tomcat\embed\tomcat-embed-el\9.0.68\tomcat-embed-el-9.0.68.jar;C:\Users\JUAN ESTEBAN\.m2\repository\org\apache\tomcat\embed\tomcat-embed-websocket\9.0.68\tomcat-embed-websocket-9.0.68.jar;C:\Users\JUAN ESTEBAN\.m2\repository\org\springframework\spring-web\5.3.23\spring-web-5.3.23.jar;C:\Users\JUAN ESTEBAN\.m2\repository\org\springframework\spring-webmvc\5.3.23\spring-webmvc-5.3.23.jar;C:\Users\JUAN ESTEBAN\.m2\repository\org\springframework\spring-expression\5.3.23\spring-expression-5.3.23.jar;C:\Users\JUAN ESTEBAN\.m2\repository\org\springframework\boot\spring-boot-devtools\2.7.5\spring-boot-devtools-2.7.5.jar;C:\Users\JUAN ESTEBAN\.m2\repository\org\springframework\boot\spring-boot\2.7.5\spring-boot-2.7.5.jar;C:\Users\JUAN ESTEBAN\.m2\repository\org\springframework\boot\spring-boot-autoconfigure\2.7.5\spring-boot-autoconfigure-2.7.5.jar;C:\Users\JUAN ESTEBAN\.m2\repository\com\mysql\mysql-connector-j\8.0.31\mysql-connector-j-8.0.31.jar;C:\Users\JUAN ESTEBAN\.m2\repository\org\projectlombok\lombok\1.18.24\lombok-1.18.24.jar;C:\Users\JUAN ESTEBAN\.m2\repository\jakarta\xml\bind\jakarta.xml.bind-api\2.3.3\jakarta.xml.bind-api-2.3.3.jar;C:\Users\JUAN ESTEBAN\.m2\repository\jakarta\activation\jakarta.activation-api\1.2.2\jakarta.activation-api-1.2.2.jar;C:\Users\JUAN ESTEBAN\.m2\repository\org\springframework\spring-core\5.3.23\spring-core-5.3.23.jar;C:\Users\JUAN ESTEBAN\.m2\repository\org\springframework\spring-jcl\5.3.23\spring-jcl-5.3.23.jar;C:\Users\JUAN ESTEBAN\.m2\repository\org\jetbrains\annotations\24.0.1\annotations-24.0.1.jar
Launcher Type: SUN_STANDARD

[Global flags]
     intx CICompilerCount                          = 4                                         {product} {ergonomic}
     uint ConcGCThreads                            = 2                                         {product} {ergonomic}
     uint G1ConcRefinementThreads                  = 8                                         {product} {ergonomic}
   size_t G1HeapRegionSize                         = 1048576                                   {product} {ergonomic}
    uintx GCDrainStackTargetSize                   = 64                                        {product} {ergonomic}
   size_t InitialHeapSize                          = 132120576                                 {product} {ergonomic}
   size_t MarkStackSize                            = 4194304                                   {product} {ergonomic}
   size_t MaxHeapSize                              = 2107637760                                {product} {ergonomic}
   size_t MaxNewSize                               = 1264582656                                {product} {ergonomic}
   size_t MinHeapDeltaBytes                        = 1048576                                   {product} {ergonomic}
   size_t MinHeapSize                              = 8388608                                   {product} {ergonomic}
    uintx NonNMethodCodeHeapSize                   = 5839372                                {pd product} {ergonomic}
    uintx NonProfiledCodeHeapSize                  = 122909434                              {pd product} {ergonomic}
    uintx ProfiledCodeHeapSize                     = 122909434                              {pd product} {ergonomic}
    uintx ReservedCodeCacheSize                    = 251658240                              {pd product} {ergonomic}
     bool SegmentedCodeCache                       = true                                      {product} {ergonomic}
   size_t SoftMaxHeapSize                          = 2107637760                             {manageable} {ergonomic}
     bool UseCompressedClassPointers               = true                           {product lp64_product} {ergonomic}
     bool UseCompressedOops                        = true                           {product lp64_product} {ergonomic}
     bool UseG1GC                                  = true                                      {product} {ergonomic}
     bool UseLargePagesIndividualAllocation        = false                                  {pd product} {ergonomic}

Logging:
Log output configuration:
 #0: stdout all=warning uptime,level,tags foldmultilines=false
 #1: stderr all=off uptime,level,tags foldmultilines=false

Environment Variables:
PATH=C:\Program Files\Common Files\Oracle\Java\javapath;C:\Program Files (x86)\Common Files\Oracle\Java\javapath;C:\Program Files (x86)\Common Files\Intel\Shared Files\cpp\bin\Intel64;C:\windows\system32;C:\windows;C:\windows\System32\Wbem;C:\windows\System32\WindowsPowerShell\v1.0\;C:\windows\System32\OpenSSH\;C:\Program Files\NVIDIA Corporation\NVIDIA NvDLISR;C:\Program Files (x86)\Windows Kits\8.1\Windows Performance Toolkit\;D:\app\git\Git\cmd;C:\Users\JUAN ESTEBAN\AppData\Local\Microsoft\WindowsApps;C:\Users\JUAN ESTEBAN\AppData\Local\GitHubDesktop\bin
USERNAME=JUAN ESTEBAN
OS=Windows_NT
PROCESSOR_IDENTIFIER=Intel64 Family 6 Model 158 Stepping 10, GenuineIntel



---------------  S Y S T E M  ---------------

OS:
 Windows 10 , 64 bit Build 19041 (10.0.19041.2913)
OS uptime: 0 days 18:38 hours

CPU: total 8 (initial active 8) (4 cores per cpu, 2 threads per core) family 6 model 158 stepping 10 microcode 0xd6, cx8, cmov, fxsr, ht, mmx, 3dnowpref, sse, sse2, sse3, ssse3, sse4.1, sse4.2, popcnt, lzcnt, tsc, tscinvbit, avx, avx2, aes, erms, clmul, bmi1, bmi2, adx, fma, vzeroupper, clflush, clflushopt

Memory: 4k page, system-wide physical 8033M (750M free)
TotalPageFile size 12129M (AvailPageFile size 5M)
current process WorkingSet (physical memory assigned to process): 138M, peak: 138M
current process commit charge ("private bytes"): 256M, peak: 257M

vm_info: Java HotSpot(TM) 64-Bit Server VM (18.0.2+9-61) for windows-amd64 JRE (18.0.2+9-61), built on Jun  7 2022 13:09:01 by "mach5one" with MS VC++ 16.8 / 16.9 (VS2019)

END.
